{"D:\\GitHub\\Merca2-GT\\Frontend\\mocks\\styleMocks.js": {"path":"D:\\GitHub\\Merca2-GT\\Frontend\\mocks\\styleMocks.js","statementMap":{},"fnMap":{},"branchMap":{},"s":{},"f":{},"b":{},"_coverageSchema":"1a1c01bbd47fc00a2c39e90264f33305004495a9","hash":"fa0935dc23b6292cb577e6923afb2ab3b8d0ba48"}
,"D:\\GitHub\\Merca2-GT\\Frontend\\src\\Components\\AddItemButton.jsx": {"path":"D:\\GitHub\\Merca2-GT\\Frontend\\src\\Components\\AddItemButton.jsx","statementMap":{"0":{"start":{"line":7,"column":29},"end":{"line":20,"column":1}},"1":{"start":{"line":8,"column":2},"end":{"line":19,"column":8}},"2":{"start":{"line":13,"column":21},"end":{"line":13,"column":41}},"3":{"start":{"line":22,"column":0},"end":{"line":24,"column":1}}},"fnMap":{"0":{"name":"(anonymous_0)","decl":{"start":{"line":7,"column":29},"end":{"line":7,"column":30}},"loc":{"start":{"line":8,"column":2},"end":{"line":19,"column":8}},"line":8},"1":{"name":"(anonymous_1)","decl":{"start":{"line":13,"column":15},"end":{"line":13,"column":16}},"loc":{"start":{"line":13,"column":21},"end":{"line":13,"column":41}},"line":13}},"branchMap":{},"s":{"0":1,"1":1,"2":0,"3":1},"f":{"0":1,"1":0},"b":{},"_coverageSchema":"1a1c01bbd47fc00a2c39e90264f33305004495a9","hash":"837ba952567903e8475fa8a28ed0ab8d6f0f62e9"}
,"D:\\GitHub\\Merca2-GT\\Frontend\\src\\Components\\Header.jsx": {"path":"D:\\GitHub\\Merca2-GT\\Frontend\\src\\Components\\Header.jsx","statementMap":{"0":{"start":{"line":11,"column":15},"end":{"line":17,"column":1}},"1":{"start":{"line":12,"column":2},"end":{"line":16,"column":11}},"2":{"start":{"line":13,"column":42},"end":{"line":13,"column":59}},"3":{"start":{"line":19,"column":0},"end":{"line":22,"column":1}},"4":{"start":{"line":24,"column":0},"end":{"line":26,"column":1}}},"fnMap":{"0":{"name":"(anonymous_0)","decl":{"start":{"line":11,"column":15},"end":{"line":11,"column":16}},"loc":{"start":{"line":12,"column":2},"end":{"line":16,"column":11}},"line":12},"1":{"name":"(anonymous_1)","decl":{"start":{"line":13,"column":36},"end":{"line":13,"column":37}},"loc":{"start":{"line":13,"column":42},"end":{"line":13,"column":59}},"line":13}},"branchMap":{},"s":{"0":2,"1":28,"2":0,"3":2,"4":2},"f":{"0":28,"1":0},"b":{},"_coverageSchema":"1a1c01bbd47fc00a2c39e90264f33305004495a9","hash":"a8f8010bb3eedd3f11694da68ee04f1f84a6ec3f"}
,"D:\\GitHub\\Merca2-GT\\Frontend\\src\\Components\\Perfil.jsx": {"path":"D:\\GitHub\\Merca2-GT\\Frontend\\src\\Components\\Perfil.jsx","statementMap":{},"fnMap":{},"branchMap":{},"s":{},"f":{},"b":{},"_coverageSchema":"1a1c01bbd47fc00a2c39e90264f33305004495a9","hash":"06e6b077f43ec52d91afaf290b067cd316c95c5a"}
,"D:\\GitHub\\Merca2-GT\\Frontend\\src\\Components\\TextInput.jsx": {"path":"D:\\GitHub\\Merca2-GT\\Frontend\\src\\Components\\TextInput.jsx","statementMap":{"0":{"start":{"line":6,"column":18},"end":{"line":23,"column":1}},"1":{"start":{"line":14,"column":2},"end":{"line":22,"column":8}},"2":{"start":{"line":17,"column":27},"end":{"line":17,"column":50}},"3":{"start":{"line":25,"column":0},"end":{"line":34,"column":1}},"4":{"start":{"line":36,"column":0},"end":{"line":39,"column":1}}},"fnMap":{"0":{"name":"(anonymous_0)","decl":{"start":{"line":6,"column":18},"end":{"line":6,"column":19}},"loc":{"start":{"line":14,"column":2},"end":{"line":22,"column":8}},"line":14},"1":{"name":"(anonymous_1)","decl":{"start":{"line":17,"column":16},"end":{"line":17,"column":17}},"loc":{"start":{"line":17,"column":27},"end":{"line":17,"column":50}},"line":17}},"branchMap":{"0":{"loc":{"start":{"line":18,"column":12},"end":{"line":18,"column":43}},"type":"cond-expr","locations":[{"start":{"line":18,"column":24},"end":{"line":18,"column":30}},{"start":{"line":18,"column":33},"end":{"line":18,"column":43}}],"line":18}},"s":{"0":1,"1":52,"2":24,"3":1,"4":1},"f":{"0":52,"1":24},"b":{"0":[26,26]},"_coverageSchema":"1a1c01bbd47fc00a2c39e90264f33305004495a9","hash":"4e495503dbdde12e5873b08190c8f292f3261da4"}
,"D:\\GitHub\\Merca2-GT\\Frontend\\src\\Components\\btn.jsx": {"path":"D:\\GitHub\\Merca2-GT\\Frontend\\src\\Components\\btn.jsx","statementMap":{"0":{"start":{"line":6,"column":15},"end":{"line":13,"column":1}},"1":{"start":{"line":15,"column":14},"end":{"line":15,"column":55}},"2":{"start":{"line":17,"column":15},"end":{"line":36,"column":1}},"3":{"start":{"line":24,"column":27},"end":{"line":24,"column":75}},"4":{"start":{"line":25,"column":26},"end":{"line":25,"column":70}},"5":{"start":{"line":27,"column":2},"end":{"line":35,"column":3}},"6":{"start":{"line":38,"column":0},"end":{"line":44,"column":1}},"7":{"start":{"line":46,"column":0},"end":{"line":48,"column":1}}},"fnMap":{"0":{"name":"(anonymous_0)","decl":{"start":{"line":17,"column":15},"end":{"line":17,"column":16}},"loc":{"start":{"line":23,"column":6},"end":{"line":36,"column":1}},"line":23}},"branchMap":{"0":{"loc":{"start":{"line":24,"column":27},"end":{"line":24,"column":75}},"type":"cond-expr","locations":[{"start":{"line":24,"column":55},"end":{"line":24,"column":63}},{"start":{"line":24,"column":66},"end":{"line":24,"column":75}}],"line":24},"1":{"loc":{"start":{"line":25,"column":26},"end":{"line":25,"column":70}},"type":"cond-expr","locations":[{"start":{"line":25,"column":52},"end":{"line":25,"column":59}},{"start":{"line":25,"column":62},"end":{"line":25,"column":70}}],"line":25}},"s":{"0":1,"1":1,"2":1,"3":0,"4":0,"5":0,"6":1,"7":1},"f":{"0":0},"b":{"0":[0,0],"1":[0,0]},"_coverageSchema":"1a1c01bbd47fc00a2c39e90264f33305004495a9","hash":"5bb9f37799f97fb08c3199055d02bfbf91e77c94"}
,"D:\\GitHub\\Merca2-GT\\Frontend\\src\\Components\\footer.jsx": {"path":"D:\\GitHub\\Merca2-GT\\Frontend\\src\\Components\\footer.jsx","statementMap":{"0":{"start":{"line":4,"column":15},"end":{"line":28,"column":1}},"1":{"start":{"line":5,"column":2},"end":{"line":27,"column":8}}},"fnMap":{"0":{"name":"(anonymous_0)","decl":{"start":{"line":4,"column":15},"end":{"line":4,"column":16}},"loc":{"start":{"line":5,"column":2},"end":{"line":27,"column":8}},"line":5}},"branchMap":{},"s":{"0":1,"1":1},"f":{"0":1},"b":{},"_coverageSchema":"1a1c01bbd47fc00a2c39e90264f33305004495a9","hash":"2bad16938d96e7e5dbf6e9e59df1d5030e86a57b"}
,"D:\\GitHub\\Merca2-GT\\Frontend\\src\\Components\\navbar.jsx": {"path":"D:\\GitHub\\Merca2-GT\\Frontend\\src\\Components\\navbar.jsx","statementMap":{"0":{"start":{"line":8,"column":15},"end":{"line":43,"column":1}},"1":{"start":{"line":9,"column":2},"end":{"line":42,"column":8}},"2":{"start":{"line":12,"column":23},"end":{"line":12,"column":40}},"3":{"start":{"line":19,"column":23},"end":{"line":19,"column":45}},"4":{"start":{"line":27,"column":27},"end":{"line":27,"column":46}},"5":{"start":{"line":35,"column":29},"end":{"line":35,"column":53}},"6":{"start":{"line":38,"column":10},"end":{"line":38,"column":76}},"7":{"start":{"line":45,"column":0},"end":{"line":47,"column":1}}},"fnMap":{"0":{"name":"(anonymous_0)","decl":{"start":{"line":8,"column":15},"end":{"line":8,"column":16}},"loc":{"start":{"line":9,"column":2},"end":{"line":42,"column":8}},"line":9},"1":{"name":"(anonymous_1)","decl":{"start":{"line":12,"column":17},"end":{"line":12,"column":18}},"loc":{"start":{"line":12,"column":23},"end":{"line":12,"column":40}},"line":12},"2":{"name":"(anonymous_2)","decl":{"start":{"line":19,"column":17},"end":{"line":19,"column":18}},"loc":{"start":{"line":19,"column":23},"end":{"line":19,"column":45}},"line":19},"3":{"name":"(anonymous_3)","decl":{"start":{"line":27,"column":21},"end":{"line":27,"column":22}},"loc":{"start":{"line":27,"column":27},"end":{"line":27,"column":46}},"line":27},"4":{"name":"(anonymous_4)","decl":{"start":{"line":35,"column":18},"end":{"line":35,"column":19}},"loc":{"start":{"line":35,"column":29},"end":{"line":35,"column":53}},"line":35},"5":{"name":"(anonymous_5)","decl":{"start":{"line":37,"column":24},"end":{"line":37,"column":25}},"loc":{"start":{"line":38,"column":10},"end":{"line":38,"column":76}},"line":38}},"branchMap":{"0":{"loc":{"start":{"line":24,"column":7},"end":{"line":32,"column":9}},"type":"binary-expr","locations":[{"start":{"line":24,"column":7},"end":{"line":24,"column":13}},{"start":{"line":26,"column":10},"end":{"line":31,"column":19}}],"line":24},"1":{"loc":{"start":{"line":37,"column":9},"end":{"line":39,"column":10}},"type":"binary-expr","locations":[{"start":{"line":37,"column":9},"end":{"line":37,"column":12}},{"start":{"line":37,"column":16},"end":{"line":39,"column":10}}],"line":37}},"s":{"0":1,"1":3,"2":1,"3":1,"4":1,"5":1,"6":1,"7":1},"f":{"0":3,"1":1,"2":1,"3":1,"4":1,"5":1},"b":{"0":[3,3],"1":[3,1]},"_coverageSchema":"1a1c01bbd47fc00a2c39e90264f33305004495a9","hash":"f633bd2a29c0086cd9003e6e71e32c79af76da69"}
,"D:\\GitHub\\Merca2-GT\\Frontend\\src\\pages\\Login.jsx": {"path":"D:\\GitHub\\Merca2-GT\\Frontend\\src\\pages\\Login.jsx","statementMap":{"0":{"start":{"line":12,"column":20},"end":{"line":64,"column":1}},"1":{"start":{"line":20,"column":2},"end":{"line":20,"column":22}},"2":{"start":{"line":21,"column":2},"end":{"line":63,"column":6}},"3":{"start":{"line":31,"column":24},"end":{"line":31,"column":39}},"4":{"start":{"line":33,"column":6},"end":{"line":33,"column":69}},"5":{"start":{"line":33,"column":29},"end":{"line":33,"column":69}},"6":{"start":{"line":35,"column":19},"end":{"line":35,"column":57}},"7":{"start":{"line":36,"column":20},"end":{"line":36,"column":52}},"8":{"start":{"line":37,"column":6},"end":{"line":37,"column":23}},"9":{"start":{"line":38,"column":6},"end":{"line":38,"column":24}},"10":{"start":{"line":39,"column":6},"end":{"line":39,"column":23}},"11":{"start":{"line":40,"column":6},"end":{"line":40,"column":23}},"12":{"start":{"line":41,"column":6},"end":{"line":58,"column":10}},"13":{"start":{"line":51,"column":28},"end":{"line":51,"column":43}},"14":{"start":{"line":53,"column":10},"end":{"line":53,"column":69}},"15":{"start":{"line":53,"column":32},"end":{"line":53,"column":69}},"16":{"start":{"line":56,"column":10},"end":{"line":56,"column":55}},"17":{"start":{"line":57,"column":10},"end":{"line":57,"column":30}},"18":{"start":{"line":61,"column":6},"end":{"line":61,"column":51}},"19":{"start":{"line":62,"column":6},"end":{"line":62,"column":26}},"20":{"start":{"line":66,"column":14},"end":{"line":128,"column":1}},"21":{"start":{"line":72,"column":2},"end":{"line":75,"column":21}},"22":{"start":{"line":73,"column":4},"end":{"line":73,"column":24}},"23":{"start":{"line":76,"column":36},"end":{"line":76,"column":54}},"24":{"start":{"line":77,"column":36},"end":{"line":77,"column":54}},"25":{"start":{"line":79,"column":2},"end":{"line":127,"column":3}},"26":{"start":{"line":103,"column":14},"end":{"line":105,"column":15}},"27":{"start":{"line":104,"column":16},"end":{"line":104,"column":63}},"28":{"start":{"line":107,"column":14},"end":{"line":114,"column":15}},"29":{"start":{"line":122,"column":30},"end":{"line":122,"column":46}},"30":{"start":{"line":130,"column":0},"end":{"line":135,"column":1}}},"fnMap":{"0":{"name":"(anonymous_0)","decl":{"start":{"line":12,"column":20},"end":{"line":12,"column":21}},"loc":{"start":{"line":19,"column":5},"end":{"line":64,"column":1}},"line":19},"1":{"name":"(anonymous_1)","decl":{"start":{"line":31,"column":10},"end":{"line":31,"column":11}},"loc":{"start":{"line":31,"column":24},"end":{"line":31,"column":39}},"line":31},"2":{"name":"(anonymous_2)","decl":{"start":{"line":32,"column":10},"end":{"line":32,"column":11}},"loc":{"start":{"line":32,"column":22},"end":{"line":59,"column":5}},"line":32},"3":{"name":"(anonymous_3)","decl":{"start":{"line":51,"column":14},"end":{"line":51,"column":15}},"loc":{"start":{"line":51,"column":28},"end":{"line":51,"column":43}},"line":51},"4":{"name":"(anonymous_4)","decl":{"start":{"line":52,"column":14},"end":{"line":52,"column":15}},"loc":{"start":{"line":52,"column":27},"end":{"line":54,"column":9}},"line":52},"5":{"name":"(anonymous_5)","decl":{"start":{"line":55,"column":15},"end":{"line":55,"column":16}},"loc":{"start":{"line":55,"column":26},"end":{"line":58,"column":9}},"line":55},"6":{"name":"(anonymous_6)","decl":{"start":{"line":60,"column":11},"end":{"line":60,"column":12}},"loc":{"start":{"line":60,"column":22},"end":{"line":63,"column":5}},"line":60},"7":{"name":"(anonymous_7)","decl":{"start":{"line":66,"column":14},"end":{"line":66,"column":15}},"loc":{"start":{"line":71,"column":6},"end":{"line":128,"column":1}},"line":71},"8":{"name":"(anonymous_8)","decl":{"start":{"line":102,"column":21},"end":{"line":102,"column":22}},"loc":{"start":{"line":102,"column":27},"end":{"line":115,"column":13}},"line":102},"9":{"name":"(anonymous_9)","decl":{"start":{"line":122,"column":24},"end":{"line":122,"column":25}},"loc":{"start":{"line":122,"column":30},"end":{"line":122,"column":46}},"line":122}},"branchMap":{"0":{"loc":{"start":{"line":33,"column":6},"end":{"line":33,"column":69}},"type":"if","locations":[{"start":{"line":33,"column":6},"end":{"line":33,"column":69}},{"start":{},"end":{}}],"line":33},"1":{"loc":{"start":{"line":53,"column":10},"end":{"line":53,"column":69}},"type":"if","locations":[{"start":{"line":53,"column":10},"end":{"line":53,"column":69}},{"start":{},"end":{}}],"line":53},"2":{"loc":{"start":{"line":103,"column":14},"end":{"line":105,"column":15}},"type":"if","locations":[{"start":{"line":103,"column":14},"end":{"line":105,"column":15}},{"start":{},"end":{}}],"line":103},"3":{"loc":{"start":{"line":103,"column":18},"end":{"line":103,"column":54}},"type":"binary-expr","locations":[{"start":{"line":103,"column":18},"end":{"line":103,"column":34}},{"start":{"line":103,"column":38},"end":{"line":103,"column":54}}],"line":103}},"s":{"0":1,"1":0,"2":0,"3":0,"4":0,"5":0,"6":0,"7":0,"8":0,"9":0,"10":0,"11":0,"12":0,"13":0,"14":0,"15":0,"16":0,"17":0,"18":0,"19":0,"20":1,"21":26,"22":26,"23":26,"24":26,"25":26,"26":0,"27":0,"28":0,"29":1,"30":1},"f":{"0":0,"1":0,"2":0,"3":0,"4":0,"5":0,"6":0,"7":26,"8":0,"9":1},"b":{"0":[0,0],"1":[0,0],"2":[0,0],"3":[0,0]},"_coverageSchema":"1a1c01bbd47fc00a2c39e90264f33305004495a9","hash":"ac80aa18381de7f39c4bef3fda555d89fd56495e"}
,"D:\\GitHub\\Merca2-GT\\Frontend\\src\\util\\docTitle.js": {"path":"D:\\GitHub\\Merca2-GT\\Frontend\\src\\util\\docTitle.js","statementMap":{"0":{"start":{"line":1,"column":20},"end":{"line":3,"column":1}},"1":{"start":{"line":2,"column":2},"end":{"line":2,"column":57}}},"fnMap":{"0":{"name":"(anonymous_0)","decl":{"start":{"line":1,"column":20},"end":{"line":1,"column":21}},"loc":{"start":{"line":1,"column":34},"end":{"line":3,"column":1}},"line":1}},"branchMap":{},"s":{"0":1,"1":26},"f":{"0":26},"b":{},"_coverageSchema":"1a1c01bbd47fc00a2c39e90264f33305004495a9","hash":"a5d032606dda13590448f38780f550573a2e34ee"}
}
