{"D:\\GitHub\\Merca2-GT\\Frontend\\mocks\\styleMocks.js": {"path":"D:\\GitHub\\Merca2-GT\\Frontend\\mocks\\styleMocks.js","statementMap":{},"fnMap":{},"branchMap":{},"s":{},"f":{},"b":{},"_coverageSchema":"1a1c01bbd47fc00a2c39e90264f33305004495a9","hash":"fa0935dc23b6292cb577e6923afb2ab3b8d0ba48"}
,"D:\\GitHub\\Merca2-GT\\Frontend\\src\\AppforTesting.jsx": {"path":"D:\\GitHub\\Merca2-GT\\Frontend\\src\\AppforTesting.jsx","statementMap":{"0":{"start":{"line":14,"column":12},"end":{"line":39,"column":1}},"1":{"start":{"line":15,"column":32},"end":{"line":15,"column":53}},"2":{"start":{"line":16,"column":36},"end":{"line":16,"column":57}},"3":{"start":{"line":17,"column":34},"end":{"line":17,"column":52}},"4":{"start":{"line":19,"column":32},"end":{"line":19,"column":53}},"5":{"start":{"line":20,"column":30},"end":{"line":20,"column":52}},"6":{"start":{"line":22,"column":2},"end":{"line":22,"column":56}},"7":{"start":{"line":22,"column":15},"end":{"line":22,"column":56}},"8":{"start":{"line":23,"column":2},"end":{"line":30,"column":3}},"9":{"start":{"line":24,"column":4},"end":{"line":24,"column":88}},"10":{"start":{"line":24,"column":27},"end":{"line":24,"column":88}},"11":{"start":{"line":25,"column":4},"end":{"line":25,"column":93}},"12":{"start":{"line":25,"column":30},"end":{"line":25,"column":93}},"13":{"start":{"line":26,"column":4},"end":{"line":26,"column":96}},"14":{"start":{"line":26,"column":32},"end":{"line":26,"column":96}},"15":{"start":{"line":31,"column":2},"end":{"line":38,"column":3}}},"fnMap":{"0":{"name":"(anonymous_0)","decl":{"start":{"line":14,"column":12},"end":{"line":14,"column":13}},"loc":{"start":{"line":14,"column":18},"end":{"line":39,"column":1}},"line":14}},"branchMap":{"0":{"loc":{"start":{"line":22,"column":2},"end":{"line":22,"column":56}},"type":"if","locations":[{"start":{"line":22,"column":2},"end":{"line":22,"column":56}},{"start":{},"end":{}}],"line":22},"1":{"loc":{"start":{"line":23,"column":2},"end":{"line":30,"column":3}},"type":"if","locations":[{"start":{"line":23,"column":2},"end":{"line":30,"column":3}},{"start":{},"end":{}}],"line":23},"2":{"loc":{"start":{"line":24,"column":4},"end":{"line":24,"column":88}},"type":"if","locations":[{"start":{"line":24,"column":4},"end":{"line":24,"column":88}},{"start":{},"end":{}}],"line":24},"3":{"loc":{"start":{"line":25,"column":4},"end":{"line":25,"column":93}},"type":"if","locations":[{"start":{"line":25,"column":4},"end":{"line":25,"column":93}},{"start":{},"end":{}}],"line":25},"4":{"loc":{"start":{"line":26,"column":4},"end":{"line":26,"column":96}},"type":"if","locations":[{"start":{"line":26,"column":4},"end":{"line":26,"column":96}},{"start":{},"end":{}}],"line":26}},"s":{"0":1,"1":3,"2":2,"3":2,"4":2,"5":2,"6":2,"7":1,"8":1,"9":0,"10":0,"11":0,"12":0,"13":0,"14":0,"15":1},"f":{"0":3},"b":{"0":[1,1],"1":[0,1],"2":[0,0],"3":[0,0],"4":[0,0]},"_coverageSchema":"1a1c01bbd47fc00a2c39e90264f33305004495a9","hash":"b0268c650c5d2f81d09150d151b780f62b07fcfd"}
,"D:\\GitHub\\Merca2-GT\\Frontend\\src\\Components\\AddItemButton.jsx": {"path":"D:\\GitHub\\Merca2-GT\\Frontend\\src\\Components\\AddItemButton.jsx","statementMap":{"0":{"start":{"line":7,"column":29},"end":{"line":11,"column":1}},"1":{"start":{"line":8,"column":2},"end":{"line":10,"column":8}},"2":{"start":{"line":9,"column":33},"end":{"line":9,"column":53}},"3":{"start":{"line":13,"column":0},"end":{"line":15,"column":1}}},"fnMap":{"0":{"name":"(anonymous_0)","decl":{"start":{"line":7,"column":29},"end":{"line":7,"column":30}},"loc":{"start":{"line":8,"column":2},"end":{"line":10,"column":8}},"line":8},"1":{"name":"(anonymous_1)","decl":{"start":{"line":9,"column":27},"end":{"line":9,"column":28}},"loc":{"start":{"line":9,"column":33},"end":{"line":9,"column":53}},"line":9}},"branchMap":{},"s":{"0":2,"1":0,"2":0,"3":2},"f":{"0":0,"1":0},"b":{},"_coverageSchema":"1a1c01bbd47fc00a2c39e90264f33305004495a9","hash":"8ed672973fd96b7d437be64b79710d92775bfdbf"}
,"D:\\GitHub\\Merca2-GT\\Frontend\\src\\Components\\Header.jsx": {"path":"D:\\GitHub\\Merca2-GT\\Frontend\\src\\Components\\Header.jsx","statementMap":{"0":{"start":{"line":11,"column":15},"end":{"line":17,"column":1}},"1":{"start":{"line":12,"column":2},"end":{"line":16,"column":11}},"2":{"start":{"line":13,"column":42},"end":{"line":13,"column":59}},"3":{"start":{"line":19,"column":0},"end":{"line":22,"column":1}},"4":{"start":{"line":24,"column":0},"end":{"line":26,"column":1}}},"fnMap":{"0":{"name":"(anonymous_0)","decl":{"start":{"line":11,"column":15},"end":{"line":11,"column":16}},"loc":{"start":{"line":12,"column":2},"end":{"line":16,"column":11}},"line":12},"1":{"name":"(anonymous_1)","decl":{"start":{"line":13,"column":36},"end":{"line":13,"column":37}},"loc":{"start":{"line":13,"column":42},"end":{"line":13,"column":59}},"line":13}},"branchMap":{},"s":{"0":2,"1":2,"2":0,"3":2,"4":2},"f":{"0":2,"1":0},"b":{},"_coverageSchema":"1a1c01bbd47fc00a2c39e90264f33305004495a9","hash":"a8f8010bb3eedd3f11694da68ee04f1f84a6ec3f"}
,"D:\\GitHub\\Merca2-GT\\Frontend\\src\\Components\\Perfil.jsx": {"path":"D:\\GitHub\\Merca2-GT\\Frontend\\src\\Components\\Perfil.jsx","statementMap":{},"fnMap":{},"branchMap":{},"s":{},"f":{},"b":{},"_coverageSchema":"1a1c01bbd47fc00a2c39e90264f33305004495a9","hash":"06e6b077f43ec52d91afaf290b067cd316c95c5a"}
,"D:\\GitHub\\Merca2-GT\\Frontend\\src\\Components\\TextInput.jsx": {"path":"D:\\GitHub\\Merca2-GT\\Frontend\\src\\Components\\TextInput.jsx","statementMap":{"0":{"start":{"line":6,"column":18},"end":{"line":23,"column":1}},"1":{"start":{"line":14,"column":2},"end":{"line":22,"column":8}},"2":{"start":{"line":17,"column":27},"end":{"line":17,"column":50}},"3":{"start":{"line":25,"column":0},"end":{"line":34,"column":1}},"4":{"start":{"line":36,"column":0},"end":{"line":39,"column":1}}},"fnMap":{"0":{"name":"(anonymous_0)","decl":{"start":{"line":6,"column":18},"end":{"line":6,"column":19}},"loc":{"start":{"line":14,"column":2},"end":{"line":22,"column":8}},"line":14},"1":{"name":"(anonymous_1)","decl":{"start":{"line":17,"column":16},"end":{"line":17,"column":17}},"loc":{"start":{"line":17,"column":27},"end":{"line":17,"column":50}},"line":17}},"branchMap":{"0":{"loc":{"start":{"line":18,"column":12},"end":{"line":18,"column":43}},"type":"cond-expr","locations":[{"start":{"line":18,"column":24},"end":{"line":18,"column":30}},{"start":{"line":18,"column":33},"end":{"line":18,"column":43}}],"line":18}},"s":{"0":1,"1":8,"2":0,"3":1,"4":1},"f":{"0":8,"1":0},"b":{"0":[5,3]},"_coverageSchema":"1a1c01bbd47fc00a2c39e90264f33305004495a9","hash":"4e495503dbdde12e5873b08190c8f292f3261da4"}
,"D:\\GitHub\\Merca2-GT\\Frontend\\src\\Components\\btn.jsx": {"path":"D:\\GitHub\\Merca2-GT\\Frontend\\src\\Components\\btn.jsx","statementMap":{"0":{"start":{"line":6,"column":15},"end":{"line":13,"column":1}},"1":{"start":{"line":15,"column":14},"end":{"line":15,"column":55}},"2":{"start":{"line":17,"column":15},"end":{"line":36,"column":1}},"3":{"start":{"line":24,"column":27},"end":{"line":24,"column":75}},"4":{"start":{"line":25,"column":26},"end":{"line":25,"column":70}},"5":{"start":{"line":27,"column":2},"end":{"line":35,"column":3}},"6":{"start":{"line":38,"column":0},"end":{"line":44,"column":1}},"7":{"start":{"line":46,"column":0},"end":{"line":48,"column":1}}},"fnMap":{"0":{"name":"(anonymous_0)","decl":{"start":{"line":17,"column":15},"end":{"line":17,"column":16}},"loc":{"start":{"line":23,"column":6},"end":{"line":36,"column":1}},"line":23}},"branchMap":{"0":{"loc":{"start":{"line":24,"column":27},"end":{"line":24,"column":75}},"type":"cond-expr","locations":[{"start":{"line":24,"column":55},"end":{"line":24,"column":63}},{"start":{"line":24,"column":66},"end":{"line":24,"column":75}}],"line":24},"1":{"loc":{"start":{"line":25,"column":26},"end":{"line":25,"column":70}},"type":"cond-expr","locations":[{"start":{"line":25,"column":52},"end":{"line":25,"column":59}},{"start":{"line":25,"column":62},"end":{"line":25,"column":70}}],"line":25}},"s":{"0":1,"1":1,"2":1,"3":0,"4":0,"5":0,"6":1,"7":1},"f":{"0":0},"b":{"0":[0,0],"1":[0,0]},"_coverageSchema":"1a1c01bbd47fc00a2c39e90264f33305004495a9","hash":"5bb9f37799f97fb08c3199055d02bfbf91e77c94"}
,"D:\\GitHub\\Merca2-GT\\Frontend\\src\\Components\\footer.jsx": {"path":"D:\\GitHub\\Merca2-GT\\Frontend\\src\\Components\\footer.jsx","statementMap":{"0":{"start":{"line":4,"column":15},"end":{"line":28,"column":1}},"1":{"start":{"line":5,"column":2},"end":{"line":27,"column":8}}},"fnMap":{"0":{"name":"(anonymous_0)","decl":{"start":{"line":4,"column":15},"end":{"line":4,"column":16}},"loc":{"start":{"line":5,"column":2},"end":{"line":27,"column":8}},"line":5}},"branchMap":{},"s":{"0":1,"1":0},"f":{"0":0},"b":{},"_coverageSchema":"1a1c01bbd47fc00a2c39e90264f33305004495a9","hash":"2bad16938d96e7e5dbf6e9e59df1d5030e86a57b"}
,"D:\\GitHub\\Merca2-GT\\Frontend\\src\\Components\\itemInGrid.jsx": {"path":"D:\\GitHub\\Merca2-GT\\Frontend\\src\\Components\\itemInGrid.jsx","statementMap":{"0":{"start":{"line":9,"column":19},"end":{"line":48,"column":1}},"1":{"start":{"line":19,"column":2},"end":{"line":47,"column":8}},"2":{"start":{"line":22,"column":6},"end":{"line":22,"column":40}},"3":{"start":{"line":23,"column":6},"end":{"line":23,"column":34}},"4":{"start":{"line":24,"column":6},"end":{"line":24,"column":30}},"5":{"start":{"line":50,"column":0},"end":{"line":60,"column":1}}},"fnMap":{"0":{"name":"(anonymous_0)","decl":{"start":{"line":9,"column":19},"end":{"line":9,"column":20}},"loc":{"start":{"line":19,"column":2},"end":{"line":47,"column":8}},"line":19},"1":{"name":"(anonymous_1)","decl":{"start":{"line":21,"column":13},"end":{"line":21,"column":14}},"loc":{"start":{"line":21,"column":19},"end":{"line":25,"column":5}},"line":21}},"branchMap":{},"s":{"0":1,"1":0,"2":0,"3":0,"4":0,"5":1},"f":{"0":0,"1":0},"b":{},"_coverageSchema":"1a1c01bbd47fc00a2c39e90264f33305004495a9","hash":"0e8cfbea1cd8394908bd1006810454323ebabdc6"}
,"D:\\GitHub\\Merca2-GT\\Frontend\\src\\Components\\itemVerProductos.jsx": {"path":"D:\\GitHub\\Merca2-GT\\Frontend\\src\\Components\\itemVerProductos.jsx","statementMap":{"0":{"start":{"line":6,"column":25},"end":{"line":27,"column":1}},"1":{"start":{"line":7,"column":25},"end":{"line":16,"column":3}},"2":{"start":{"line":18,"column":2},"end":{"line":26,"column":67}},"3":{"start":{"line":19,"column":22},"end":{"line":19,"column":37}},"4":{"start":{"line":21,"column":6},"end":{"line":21,"column":32}},"5":{"start":{"line":22,"column":6},"end":{"line":22,"column":18}},"6":{"start":{"line":23,"column":6},"end":{"line":23,"column":32}},"7":{"start":{"line":24,"column":6},"end":{"line":24,"column":35}},"8":{"start":{"line":26,"column":20},"end":{"line":26,"column":66}},"9":{"start":{"line":29,"column":25},"end":{"line":70,"column":1}},"10":{"start":{"line":37,"column":28},"end":{"line":37,"column":44}},"11":{"start":{"line":39,"column":2},"end":{"line":69,"column":3}},"12":{"start":{"line":64,"column":23},"end":{"line":64,"column":57}},"13":{"start":{"line":72,"column":0},"end":{"line":80,"column":1}}},"fnMap":{"0":{"name":"(anonymous_0)","decl":{"start":{"line":6,"column":25},"end":{"line":6,"column":26}},"loc":{"start":{"line":6,"column":47},"end":{"line":27,"column":1}},"line":6},"1":{"name":"(anonymous_1)","decl":{"start":{"line":19,"column":10},"end":{"line":19,"column":11}},"loc":{"start":{"line":19,"column":22},"end":{"line":19,"column":37}},"line":19},"2":{"name":"(anonymous_2)","decl":{"start":{"line":20,"column":10},"end":{"line":20,"column":11}},"loc":{"start":{"line":20,"column":20},"end":{"line":25,"column":5}},"line":20},"3":{"name":"(anonymous_3)","decl":{"start":{"line":26,"column":11},"end":{"line":26,"column":12}},"loc":{"start":{"line":26,"column":20},"end":{"line":26,"column":66}},"line":26},"4":{"name":"(anonymous_4)","decl":{"start":{"line":29,"column":25},"end":{"line":29,"column":26}},"loc":{"start":{"line":36,"column":6},"end":{"line":70,"column":1}},"line":36},"5":{"name":"(anonymous_5)","decl":{"start":{"line":64,"column":17},"end":{"line":64,"column":18}},"loc":{"start":{"line":64,"column":23},"end":{"line":64,"column":57}},"line":64}},"branchMap":{},"s":{"0":1,"1":0,"2":0,"3":0,"4":0,"5":0,"6":0,"7":0,"8":0,"9":1,"10":0,"11":0,"12":0,"13":1},"f":{"0":0,"1":0,"2":0,"3":0,"4":0,"5":0},"b":{},"_coverageSchema":"1a1c01bbd47fc00a2c39e90264f33305004495a9","hash":"abbfd242544cf5262111f1b8f2bb706ef2862b91"}
,"D:\\GitHub\\Merca2-GT\\Frontend\\src\\Components\\navbar.jsx": {"path":"D:\\GitHub\\Merca2-GT\\Frontend\\src\\Components\\navbar.jsx","statementMap":{"0":{"start":{"line":8,"column":15},"end":{"line":42,"column":1}},"1":{"start":{"line":9,"column":2},"end":{"line":41,"column":8}},"2":{"start":{"line":12,"column":23},"end":{"line":12,"column":40}},"3":{"start":{"line":19,"column":23},"end":{"line":19,"column":45}},"4":{"start":{"line":27,"column":27},"end":{"line":27,"column":46}},"5":{"start":{"line":34,"column":29},"end":{"line":34,"column":53}},"6":{"start":{"line":37,"column":10},"end":{"line":37,"column":76}},"7":{"start":{"line":44,"column":0},"end":{"line":46,"column":1}}},"fnMap":{"0":{"name":"(anonymous_0)","decl":{"start":{"line":8,"column":15},"end":{"line":8,"column":16}},"loc":{"start":{"line":9,"column":2},"end":{"line":41,"column":8}},"line":9},"1":{"name":"(anonymous_1)","decl":{"start":{"line":12,"column":17},"end":{"line":12,"column":18}},"loc":{"start":{"line":12,"column":23},"end":{"line":12,"column":40}},"line":12},"2":{"name":"(anonymous_2)","decl":{"start":{"line":19,"column":17},"end":{"line":19,"column":18}},"loc":{"start":{"line":19,"column":23},"end":{"line":19,"column":45}},"line":19},"3":{"name":"(anonymous_3)","decl":{"start":{"line":27,"column":21},"end":{"line":27,"column":22}},"loc":{"start":{"line":27,"column":27},"end":{"line":27,"column":46}},"line":27},"4":{"name":"(anonymous_4)","decl":{"start":{"line":34,"column":18},"end":{"line":34,"column":19}},"loc":{"start":{"line":34,"column":29},"end":{"line":34,"column":53}},"line":34},"5":{"name":"(anonymous_5)","decl":{"start":{"line":36,"column":24},"end":{"line":36,"column":25}},"loc":{"start":{"line":37,"column":10},"end":{"line":37,"column":76}},"line":37}},"branchMap":{"0":{"loc":{"start":{"line":24,"column":7},"end":{"line":32,"column":9}},"type":"binary-expr","locations":[{"start":{"line":24,"column":7},"end":{"line":24,"column":13}},{"start":{"line":26,"column":10},"end":{"line":31,"column":19}}],"line":24},"1":{"loc":{"start":{"line":36,"column":9},"end":{"line":38,"column":10}},"type":"binary-expr","locations":[{"start":{"line":36,"column":9},"end":{"line":36,"column":12}},{"start":{"line":36,"column":16},"end":{"line":38,"column":10}}],"line":36}},"s":{"0":2,"1":0,"2":0,"3":0,"4":0,"5":0,"6":0,"7":2},"f":{"0":0,"1":0,"2":0,"3":0,"4":0,"5":0},"b":{"0":[0,0],"1":[0,0]},"_coverageSchema":"1a1c01bbd47fc00a2c39e90264f33305004495a9","hash":"6306efa069e93cd6e76e465907a215e49d928fd8"}
,"D:\\GitHub\\Merca2-GT\\Frontend\\src\\pages\\AddProduct.jsx": {"path":"D:\\GitHub\\Merca2-GT\\Frontend\\src\\pages\\AddProduct.jsx","statementMap":{"0":{"start":{"line":16,"column":22},"end":{"line":54,"column":1}},"1":{"start":{"line":27,"column":2},"end":{"line":53,"column":6}},"2":{"start":{"line":44,"column":24},"end":{"line":44,"column":39}},"3":{"start":{"line":46,"column":6},"end":{"line":46,"column":55}},"4":{"start":{"line":46,"column":25},"end":{"line":46,"column":55}},"5":{"start":{"line":47,"column":6},"end":{"line":50,"column":9}},"6":{"start":{"line":48,"column":8},"end":{"line":50,"column":9}},"7":{"start":{"line":52,"column":6},"end":{"line":52,"column":55}},"8":{"start":{"line":56,"column":28},"end":{"line":76,"column":1}},"9":{"start":{"line":57,"column":2},"end":{"line":75,"column":6}},"10":{"start":{"line":67,"column":24},"end":{"line":67,"column":39}},"11":{"start":{"line":69,"column":6},"end":{"line":72,"column":9}},"12":{"start":{"line":70,"column":8},"end":{"line":72,"column":9}},"13":{"start":{"line":74,"column":6},"end":{"line":74,"column":55}},"14":{"start":{"line":78,"column":23},"end":{"line":94,"column":1}},"15":{"start":{"line":79,"column":25},"end":{"line":86,"column":3}},"16":{"start":{"line":88,"column":2},"end":{"line":93,"column":6}},"17":{"start":{"line":89,"column":24},"end":{"line":89,"column":39}},"18":{"start":{"line":91,"column":25},"end":{"line":91,"column":36}},"19":{"start":{"line":92,"column":6},"end":{"line":92,"column":24}},"20":{"start":{"line":96,"column":19},"end":{"line":207,"column":1}},"21":{"start":{"line":97,"column":2},"end":{"line":100,"column":40}},"22":{"start":{"line":98,"column":4},"end":{"line":98,"column":35}},"23":{"start":{"line":100,"column":20},"end":{"line":100,"column":38}},"24":{"start":{"line":105,"column":19},"end":{"line":105,"column":35}},"25":{"start":{"line":105,"column":25},"end":{"line":105,"column":35}},"26":{"start":{"line":108,"column":17},"end":{"line":111,"column":3}},"27":{"start":{"line":109,"column":23},"end":{"line":109,"column":63}},"28":{"start":{"line":110,"column":4},"end":{"line":110,"column":33}},"29":{"start":{"line":113,"column":40},"end":{"line":113,"column":58}},"30":{"start":{"line":114,"column":40},"end":{"line":114,"column":58}},"31":{"start":{"line":115,"column":28},"end":{"line":115,"column":46}},"32":{"start":{"line":116,"column":36},"end":{"line":116,"column":54}},"33":{"start":{"line":117,"column":26},"end":{"line":117,"column":44}},"34":{"start":{"line":118,"column":24},"end":{"line":118,"column":42}},"35":{"start":{"line":119,"column":26},"end":{"line":119,"column":44}},"36":{"start":{"line":121,"column":2},"end":{"line":123,"column":8}},"37":{"start":{"line":122,"column":4},"end":{"line":122,"column":26}},"38":{"start":{"line":125,"column":2},"end":{"line":206,"column":3}},"39":{"start":{"line":147,"column":35},"end":{"line":147,"column":62}},"40":{"start":{"line":152,"column":18},"end":{"line":154,"column":27}},"41":{"start":{"line":185,"column":10},"end":{"line":188,"column":70}},"42":{"start":{"line":188,"column":12},"end":{"line":188,"column":70}},"43":{"start":{"line":190,"column":10},"end":{"line":200,"column":11}},"44":{"start":{"line":210,"column":0},"end":{"line":212,"column":1}}},"fnMap":{"0":{"name":"(anonymous_0)","decl":{"start":{"line":16,"column":22},"end":{"line":16,"column":23}},"loc":{"start":{"line":26,"column":5},"end":{"line":54,"column":1}},"line":26},"1":{"name":"(anonymous_1)","decl":{"start":{"line":44,"column":10},"end":{"line":44,"column":11}},"loc":{"start":{"line":44,"column":24},"end":{"line":44,"column":39}},"line":44},"2":{"name":"(anonymous_2)","decl":{"start":{"line":45,"column":10},"end":{"line":45,"column":11}},"loc":{"start":{"line":45,"column":22},"end":{"line":53,"column":5}},"line":45},"3":{"name":"(anonymous_3)","decl":{"start":{"line":56,"column":28},"end":{"line":56,"column":29}},"loc":{"start":{"line":56,"column":49},"end":{"line":76,"column":1}},"line":56},"4":{"name":"(anonymous_4)","decl":{"start":{"line":67,"column":10},"end":{"line":67,"column":11}},"loc":{"start":{"line":67,"column":24},"end":{"line":67,"column":39}},"line":67},"5":{"name":"(anonymous_5)","decl":{"start":{"line":68,"column":10},"end":{"line":68,"column":11}},"loc":{"start":{"line":68,"column":22},"end":{"line":75,"column":5}},"line":68},"6":{"name":"(anonymous_6)","decl":{"start":{"line":78,"column":23},"end":{"line":78,"column":24}},"loc":{"start":{"line":78,"column":35},"end":{"line":94,"column":1}},"line":78},"7":{"name":"(anonymous_7)","decl":{"start":{"line":89,"column":10},"end":{"line":89,"column":11}},"loc":{"start":{"line":89,"column":24},"end":{"line":89,"column":39}},"line":89},"8":{"name":"(anonymous_8)","decl":{"start":{"line":90,"column":10},"end":{"line":90,"column":11}},"loc":{"start":{"line":90,"column":22},"end":{"line":93,"column":5}},"line":90},"9":{"name":"(anonymous_9)","decl":{"start":{"line":96,"column":19},"end":{"line":96,"column":20}},"loc":{"start":{"line":96,"column":48},"end":{"line":207,"column":1}},"line":96},"10":{"name":"(anonymous_10)","decl":{"start":{"line":105,"column":19},"end":{"line":105,"column":20}},"loc":{"start":{"line":105,"column":25},"end":{"line":105,"column":35}},"line":105},"11":{"name":"(anonymous_11)","decl":{"start":{"line":108,"column":17},"end":{"line":108,"column":18}},"loc":{"start":{"line":108,"column":23},"end":{"line":111,"column":3}},"line":108},"12":{"name":"(anonymous_12)","decl":{"start":{"line":121,"column":12},"end":{"line":121,"column":13}},"loc":{"start":{"line":121,"column":18},"end":{"line":123,"column":3}},"line":121},"13":{"name":"(anonymous_13)","decl":{"start":{"line":147,"column":24},"end":{"line":147,"column":25}},"loc":{"start":{"line":147,"column":35},"end":{"line":147,"column":62}},"line":147},"14":{"name":"(anonymous_14)","decl":{"start":{"line":151,"column":24},"end":{"line":151,"column":25}},"loc":{"start":{"line":152,"column":18},"end":{"line":154,"column":27}},"line":152},"15":{"name":"(anonymous_15)","decl":{"start":{"line":184,"column":17},"end":{"line":184,"column":18}},"loc":{"start":{"line":184,"column":23},"end":{"line":201,"column":9}},"line":184}},"branchMap":{"0":{"loc":{"start":{"line":46,"column":6},"end":{"line":46,"column":55}},"type":"if","locations":[{"start":{"line":46,"column":6},"end":{"line":46,"column":55}},{"start":{},"end":{}}],"line":46},"1":{"loc":{"start":{"line":47,"column":6},"end":{"line":50,"column":9}},"type":"if","locations":[{"start":{"line":47,"column":6},"end":{"line":50,"column":9}},{"start":{},"end":{}}],"line":47},"2":{"loc":{"start":{"line":69,"column":6},"end":{"line":72,"column":9}},"type":"if","locations":[{"start":{"line":69,"column":6},"end":{"line":72,"column":9}},{"start":{},"end":{}}],"line":69},"3":{"loc":{"start":{"line":150,"column":15},"end":{"line":155,"column":18}},"type":"binary-expr","locations":[{"start":{"line":150,"column":15},"end":{"line":150,"column":18}},{"start":{"line":151,"column":16},"end":{"line":155,"column":18}}],"line":150},"4":{"loc":{"start":{"line":185,"column":10},"end":{"line":188,"column":70}},"type":"if","locations":[{"start":{"line":185,"column":10},"end":{"line":188,"column":70}},{"start":{},"end":{}}],"line":185}},"s":{"0":1,"1":0,"2":0,"3":0,"4":0,"5":0,"6":0,"7":0,"8":1,"9":0,"10":0,"11":0,"12":0,"13":0,"14":1,"15":0,"16":0,"17":0,"18":0,"19":0,"20":1,"21":0,"22":0,"23":0,"24":0,"25":0,"26":0,"27":0,"28":0,"29":0,"30":0,"31":0,"32":0,"33":0,"34":0,"35":0,"36":0,"37":0,"38":0,"39":0,"40":0,"41":0,"42":0,"43":0,"44":1},"f":{"0":0,"1":0,"2":0,"3":0,"4":0,"5":0,"6":0,"7":0,"8":0,"9":0,"10":0,"11":0,"12":0,"13":0,"14":0,"15":0},"b":{"0":[0,0],"1":[0,0],"2":[0,0],"3":[0,0],"4":[0,0]},"_coverageSchema":"1a1c01bbd47fc00a2c39e90264f33305004495a9","hash":"cae77f03a85a78ebdfbedb5e03808cf0be435a5a"}
,"D:\\GitHub\\Merca2-GT\\Frontend\\src\\pages\\Homepage.jsx": {"path":"D:\\GitHub\\Merca2-GT\\Frontend\\src\\pages\\Homepage.jsx","statementMap":{"0":{"start":{"line":9,"column":28},"end":{"line":19,"column":1}},"1":{"start":{"line":10,"column":25},"end":{"line":13,"column":3}},"2":{"start":{"line":15,"column":2},"end":{"line":18,"column":50}},"3":{"start":{"line":16,"column":24},"end":{"line":16,"column":39}},"4":{"start":{"line":17,"column":22},"end":{"line":17,"column":44}},"5":{"start":{"line":18,"column":22},"end":{"line":18,"column":49}},"6":{"start":{"line":21,"column":23},"end":{"line":37,"column":1}},"7":{"start":{"line":22,"column":25},"end":{"line":30,"column":3}},"8":{"start":{"line":32,"column":2},"end":{"line":36,"column":6}},"9":{"start":{"line":33,"column":22},"end":{"line":33,"column":37}},"10":{"start":{"line":35,"column":6},"end":{"line":35,"column":25}},"11":{"start":{"line":39,"column":28},"end":{"line":56,"column":1}},"12":{"start":{"line":40,"column":25},"end":{"line":49,"column":3}},"13":{"start":{"line":51,"column":2},"end":{"line":55,"column":6}},"14":{"start":{"line":52,"column":22},"end":{"line":52,"column":37}},"15":{"start":{"line":54,"column":6},"end":{"line":54,"column":28}},"16":{"start":{"line":58,"column":17},"end":{"line":121,"column":1}},"17":{"start":{"line":59,"column":28},"end":{"line":59,"column":44}},"18":{"start":{"line":60,"column":24},"end":{"line":60,"column":42}},"19":{"start":{"line":61,"column":26},"end":{"line":61,"column":44}},"20":{"start":{"line":62,"column":52},"end":{"line":62,"column":68}},"21":{"start":{"line":63,"column":48},"end":{"line":63,"column":69}},"22":{"start":{"line":65,"column":2},"end":{"line":68,"column":8}},"23":{"start":{"line":66,"column":4},"end":{"line":66,"column":33}},"24":{"start":{"line":67,"column":4},"end":{"line":67,"column":26}},"25":{"start":{"line":70,"column":2},"end":{"line":79,"column":12}},"26":{"start":{"line":71,"column":4},"end":{"line":74,"column":5}},"27":{"start":{"line":72,"column":6},"end":{"line":72,"column":41}},"28":{"start":{"line":73,"column":6},"end":{"line":73,"column":32}},"29":{"start":{"line":76,"column":4},"end":{"line":78,"column":5}},"30":{"start":{"line":77,"column":6},"end":{"line":77,"column":35}},"31":{"start":{"line":81,"column":2},"end":{"line":89,"column":3}},"32":{"start":{"line":82,"column":4},"end":{"line":88,"column":5}},"33":{"start":{"line":90,"column":2},"end":{"line":120,"column":3}},"34":{"start":{"line":102,"column":12},"end":{"line":112,"column":14}},"35":{"start":{"line":123,"column":0},"end":{"line":126,"column":1}}},"fnMap":{"0":{"name":"(anonymous_0)","decl":{"start":{"line":9,"column":28},"end":{"line":9,"column":29}},"loc":{"start":{"line":9,"column":42},"end":{"line":19,"column":1}},"line":9},"1":{"name":"(anonymous_1)","decl":{"start":{"line":16,"column":10},"end":{"line":16,"column":11}},"loc":{"start":{"line":16,"column":24},"end":{"line":16,"column":39}},"line":16},"2":{"name":"(anonymous_2)","decl":{"start":{"line":17,"column":10},"end":{"line":17,"column":11}},"loc":{"start":{"line":17,"column":22},"end":{"line":17,"column":44}},"line":17},"3":{"name":"(anonymous_3)","decl":{"start":{"line":18,"column":11},"end":{"line":18,"column":12}},"loc":{"start":{"line":18,"column":22},"end":{"line":18,"column":49}},"line":18},"4":{"name":"(anonymous_4)","decl":{"start":{"line":21,"column":23},"end":{"line":21,"column":24}},"loc":{"start":{"line":21,"column":35},"end":{"line":37,"column":1}},"line":21},"5":{"name":"(anonymous_5)","decl":{"start":{"line":33,"column":10},"end":{"line":33,"column":11}},"loc":{"start":{"line":33,"column":22},"end":{"line":33,"column":37}},"line":33},"6":{"name":"(anonymous_6)","decl":{"start":{"line":34,"column":10},"end":{"line":34,"column":11}},"loc":{"start":{"line":34,"column":20},"end":{"line":36,"column":5}},"line":34},"7":{"name":"(anonymous_7)","decl":{"start":{"line":39,"column":28},"end":{"line":39,"column":29}},"loc":{"start":{"line":39,"column":50},"end":{"line":56,"column":1}},"line":39},"8":{"name":"(anonymous_8)","decl":{"start":{"line":52,"column":10},"end":{"line":52,"column":11}},"loc":{"start":{"line":52,"column":22},"end":{"line":52,"column":37}},"line":52},"9":{"name":"(anonymous_9)","decl":{"start":{"line":53,"column":10},"end":{"line":53,"column":11}},"loc":{"start":{"line":53,"column":20},"end":{"line":55,"column":5}},"line":53},"10":{"name":"(anonymous_10)","decl":{"start":{"line":58,"column":17},"end":{"line":58,"column":18}},"loc":{"start":{"line":58,"column":46},"end":{"line":121,"column":1}},"line":58},"11":{"name":"(anonymous_11)","decl":{"start":{"line":65,"column":12},"end":{"line":65,"column":13}},"loc":{"start":{"line":65,"column":18},"end":{"line":68,"column":3}},"line":65},"12":{"name":"(anonymous_12)","decl":{"start":{"line":70,"column":12},"end":{"line":70,"column":13}},"loc":{"start":{"line":70,"column":18},"end":{"line":79,"column":3}},"line":70},"13":{"name":"(anonymous_13)","decl":{"start":{"line":101,"column":23},"end":{"line":101,"column":24}},"loc":{"start":{"line":102,"column":12},"end":{"line":112,"column":14}},"line":102}},"branchMap":{"0":{"loc":{"start":{"line":71,"column":4},"end":{"line":74,"column":5}},"type":"if","locations":[{"start":{"line":71,"column":4},"end":{"line":74,"column":5}},{"start":{},"end":{}}],"line":71},"1":{"loc":{"start":{"line":76,"column":4},"end":{"line":78,"column":5}},"type":"if","locations":[{"start":{"line":76,"column":4},"end":{"line":78,"column":5}},{"start":{},"end":{}}],"line":76},"2":{"loc":{"start":{"line":81,"column":2},"end":{"line":89,"column":3}},"type":"if","locations":[{"start":{"line":81,"column":2},"end":{"line":89,"column":3}},{"start":{},"end":{}}],"line":81},"3":{"loc":{"start":{"line":100,"column":10},"end":{"line":113,"column":12}},"type":"binary-expr","locations":[{"start":{"line":100,"column":10},"end":{"line":100,"column":15}},{"start":{"line":101,"column":13},"end":{"line":113,"column":12}}],"line":100}},"s":{"0":1,"1":0,"2":0,"3":0,"4":0,"5":0,"6":1,"7":0,"8":0,"9":0,"10":0,"11":1,"12":0,"13":0,"14":0,"15":0,"16":1,"17":0,"18":0,"19":0,"20":0,"21":0,"22":0,"23":0,"24":0,"25":0,"26":0,"27":0,"28":0,"29":0,"30":0,"31":0,"32":0,"33":0,"34":0,"35":1},"f":{"0":0,"1":0,"2":0,"3":0,"4":0,"5":0,"6":0,"7":0,"8":0,"9":0,"10":0,"11":0,"12":0,"13":0},"b":{"0":[0,0],"1":[0,0],"2":[0,0],"3":[0,0]},"_coverageSchema":"1a1c01bbd47fc00a2c39e90264f33305004495a9","hash":"40bd897f3418e62124eecf35a915d37692d34fcf"}
,"D:\\GitHub\\Merca2-GT\\Frontend\\src\\pages\\Login.jsx": {"path":"D:\\GitHub\\Merca2-GT\\Frontend\\src\\pages\\Login.jsx","statementMap":{"0":{"start":{"line":12,"column":20},"end":{"line":64,"column":1}},"1":{"start":{"line":20,"column":2},"end":{"line":20,"column":22}},"2":{"start":{"line":21,"column":2},"end":{"line":63,"column":6}},"3":{"start":{"line":31,"column":24},"end":{"line":31,"column":39}},"4":{"start":{"line":33,"column":6},"end":{"line":33,"column":69}},"5":{"start":{"line":33,"column":29},"end":{"line":33,"column":69}},"6":{"start":{"line":35,"column":19},"end":{"line":35,"column":57}},"7":{"start":{"line":36,"column":20},"end":{"line":36,"column":52}},"8":{"start":{"line":37,"column":6},"end":{"line":37,"column":23}},"9":{"start":{"line":38,"column":6},"end":{"line":38,"column":24}},"10":{"start":{"line":39,"column":6},"end":{"line":39,"column":23}},"11":{"start":{"line":40,"column":6},"end":{"line":40,"column":23}},"12":{"start":{"line":41,"column":6},"end":{"line":58,"column":10}},"13":{"start":{"line":51,"column":28},"end":{"line":51,"column":43}},"14":{"start":{"line":53,"column":10},"end":{"line":53,"column":69}},"15":{"start":{"line":53,"column":32},"end":{"line":53,"column":69}},"16":{"start":{"line":56,"column":10},"end":{"line":56,"column":55}},"17":{"start":{"line":57,"column":10},"end":{"line":57,"column":30}},"18":{"start":{"line":61,"column":6},"end":{"line":61,"column":51}},"19":{"start":{"line":62,"column":6},"end":{"line":62,"column":26}},"20":{"start":{"line":66,"column":14},"end":{"line":128,"column":1}},"21":{"start":{"line":72,"column":2},"end":{"line":75,"column":40}},"22":{"start":{"line":73,"column":4},"end":{"line":73,"column":58}},"23":{"start":{"line":75,"column":20},"end":{"line":75,"column":38}},"24":{"start":{"line":76,"column":36},"end":{"line":76,"column":54}},"25":{"start":{"line":77,"column":36},"end":{"line":77,"column":54}},"26":{"start":{"line":79,"column":2},"end":{"line":127,"column":3}},"27":{"start":{"line":103,"column":14},"end":{"line":105,"column":15}},"28":{"start":{"line":104,"column":16},"end":{"line":104,"column":63}},"29":{"start":{"line":107,"column":14},"end":{"line":114,"column":15}},"30":{"start":{"line":122,"column":30},"end":{"line":122,"column":46}}},"fnMap":{"0":{"name":"(anonymous_0)","decl":{"start":{"line":12,"column":20},"end":{"line":12,"column":21}},"loc":{"start":{"line":19,"column":5},"end":{"line":64,"column":1}},"line":19},"1":{"name":"(anonymous_1)","decl":{"start":{"line":31,"column":10},"end":{"line":31,"column":11}},"loc":{"start":{"line":31,"column":24},"end":{"line":31,"column":39}},"line":31},"2":{"name":"(anonymous_2)","decl":{"start":{"line":32,"column":10},"end":{"line":32,"column":11}},"loc":{"start":{"line":32,"column":22},"end":{"line":59,"column":5}},"line":32},"3":{"name":"(anonymous_3)","decl":{"start":{"line":51,"column":14},"end":{"line":51,"column":15}},"loc":{"start":{"line":51,"column":28},"end":{"line":51,"column":43}},"line":51},"4":{"name":"(anonymous_4)","decl":{"start":{"line":52,"column":14},"end":{"line":52,"column":15}},"loc":{"start":{"line":52,"column":27},"end":{"line":54,"column":9}},"line":52},"5":{"name":"(anonymous_5)","decl":{"start":{"line":55,"column":15},"end":{"line":55,"column":16}},"loc":{"start":{"line":55,"column":26},"end":{"line":58,"column":9}},"line":55},"6":{"name":"(anonymous_6)","decl":{"start":{"line":60,"column":11},"end":{"line":60,"column":12}},"loc":{"start":{"line":60,"column":22},"end":{"line":63,"column":5}},"line":60},"7":{"name":"(anonymous_7)","decl":{"start":{"line":66,"column":14},"end":{"line":66,"column":15}},"loc":{"start":{"line":71,"column":6},"end":{"line":128,"column":1}},"line":71},"8":{"name":"(anonymous_8)","decl":{"start":{"line":102,"column":21},"end":{"line":102,"column":22}},"loc":{"start":{"line":102,"column":27},"end":{"line":115,"column":13}},"line":102},"9":{"name":"(anonymous_9)","decl":{"start":{"line":122,"column":24},"end":{"line":122,"column":25}},"loc":{"start":{"line":122,"column":30},"end":{"line":122,"column":46}},"line":122}},"branchMap":{"0":{"loc":{"start":{"line":33,"column":6},"end":{"line":33,"column":69}},"type":"if","locations":[{"start":{"line":33,"column":6},"end":{"line":33,"column":69}},{"start":{},"end":{}}],"line":33},"1":{"loc":{"start":{"line":53,"column":10},"end":{"line":53,"column":69}},"type":"if","locations":[{"start":{"line":53,"column":10},"end":{"line":53,"column":69}},{"start":{},"end":{}}],"line":53},"2":{"loc":{"start":{"line":103,"column":14},"end":{"line":105,"column":15}},"type":"if","locations":[{"start":{"line":103,"column":14},"end":{"line":105,"column":15}},{"start":{},"end":{}}],"line":103},"3":{"loc":{"start":{"line":103,"column":18},"end":{"line":103,"column":54}},"type":"binary-expr","locations":[{"start":{"line":103,"column":18},"end":{"line":103,"column":34}},{"start":{"line":103,"column":38},"end":{"line":103,"column":54}}],"line":103}},"s":{"0":1,"1":0,"2":0,"3":0,"4":0,"5":0,"6":0,"7":0,"8":0,"9":0,"10":0,"11":0,"12":0,"13":0,"14":0,"15":0,"16":0,"17":0,"18":0,"19":0,"20":1,"21":1,"22":1,"23":1,"24":1,"25":1,"26":1,"27":1,"28":1,"29":0,"30":1},"f":{"0":0,"1":0,"2":0,"3":0,"4":0,"5":0,"6":0,"7":1,"8":1,"9":1},"b":{"0":[0,0],"1":[0,0],"2":[1,0],"3":[1,0]},"_coverageSchema":"1a1c01bbd47fc00a2c39e90264f33305004495a9","hash":"ad616a7f486c3f4e40d183d35a589c853fad39c5"}
,"D:\\GitHub\\Merca2-GT\\Frontend\\src\\pages\\SignIn.jsx": {"path":"D:\\GitHub\\Merca2-GT\\Frontend\\src\\pages\\SignIn.jsx","statementMap":{"0":{"start":{"line":13,"column":23},"end":{"line":45,"column":1}},"1":{"start":{"line":23,"column":2},"end":{"line":44,"column":6}},"2":{"start":{"line":39,"column":24},"end":{"line":39,"column":39}},"3":{"start":{"line":41,"column":6},"end":{"line":41,"column":55}},"4":{"start":{"line":41,"column":19},"end":{"line":41,"column":55}},"5":{"start":{"line":42,"column":6},"end":{"line":42,"column":42}},"6":{"start":{"line":43,"column":6},"end":{"line":43,"column":23}},"7":{"start":{"line":47,"column":15},"end":{"line":154,"column":1}},"8":{"start":{"line":48,"column":2},"end":{"line":51,"column":40}},"9":{"start":{"line":49,"column":4},"end":{"line":49,"column":27}},"10":{"start":{"line":51,"column":20},"end":{"line":51,"column":38}},"11":{"start":{"line":53,"column":34},"end":{"line":53,"column":52}},"12":{"start":{"line":54,"column":34},"end":{"line":54,"column":52}},"13":{"start":{"line":55,"column":34},"end":{"line":55,"column":52}},"14":{"start":{"line":56,"column":26},"end":{"line":56,"column":44}},"15":{"start":{"line":57,"column":30},"end":{"line":57,"column":48}},"16":{"start":{"line":59,"column":28},"end":{"line":59,"column":46}},"17":{"start":{"line":61,"column":2},"end":{"line":153,"column":3}},"18":{"start":{"line":104,"column":25},"end":{"line":104,"column":34}},"19":{"start":{"line":117,"column":16},"end":{"line":117,"column":45}},"20":{"start":{"line":132,"column":10},"end":{"line":134,"column":11}},"21":{"start":{"line":133,"column":12},"end":{"line":133,"column":59}},"22":{"start":{"line":136,"column":24},"end":{"line":136,"column":34}},"23":{"start":{"line":138,"column":10},"end":{"line":147,"column":11}},"24":{"start":{"line":156,"column":0},"end":{"line":158,"column":1}}},"fnMap":{"0":{"name":"(anonymous_0)","decl":{"start":{"line":13,"column":23},"end":{"line":13,"column":24}},"loc":{"start":{"line":22,"column":5},"end":{"line":45,"column":1}},"line":22},"1":{"name":"(anonymous_1)","decl":{"start":{"line":39,"column":10},"end":{"line":39,"column":11}},"loc":{"start":{"line":39,"column":24},"end":{"line":39,"column":39}},"line":39},"2":{"name":"(anonymous_2)","decl":{"start":{"line":40,"column":10},"end":{"line":40,"column":11}},"loc":{"start":{"line":40,"column":22},"end":{"line":44,"column":5}},"line":40},"3":{"name":"(anonymous_3)","decl":{"start":{"line":47,"column":15},"end":{"line":47,"column":16}},"loc":{"start":{"line":47,"column":35},"end":{"line":154,"column":1}},"line":47},"4":{"name":"(anonymous_4)","decl":{"start":{"line":104,"column":19},"end":{"line":104,"column":20}},"loc":{"start":{"line":104,"column":25},"end":{"line":104,"column":34}},"line":104},"5":{"name":"(anonymous_5)","decl":{"start":{"line":116,"column":24},"end":{"line":116,"column":25}},"loc":{"start":{"line":116,"column":35},"end":{"line":118,"column":15}},"line":116},"6":{"name":"(anonymous_6)","decl":{"start":{"line":131,"column":17},"end":{"line":131,"column":18}},"loc":{"start":{"line":131,"column":23},"end":{"line":148,"column":9}},"line":131}},"branchMap":{"0":{"loc":{"start":{"line":41,"column":6},"end":{"line":41,"column":55}},"type":"if","locations":[{"start":{"line":41,"column":6},"end":{"line":41,"column":55}},{"start":{},"end":{}}],"line":41},"1":{"loc":{"start":{"line":132,"column":10},"end":{"line":134,"column":11}},"type":"if","locations":[{"start":{"line":132,"column":10},"end":{"line":134,"column":11}},{"start":{},"end":{}}],"line":132}},"s":{"0":1,"1":0,"2":0,"3":0,"4":0,"5":0,"6":0,"7":1,"8":1,"9":1,"10":1,"11":1,"12":1,"13":1,"14":1,"15":1,"16":1,"17":1,"18":0,"19":0,"20":0,"21":0,"22":0,"23":0,"24":1},"f":{"0":0,"1":0,"2":0,"3":1,"4":0,"5":0,"6":0},"b":{"0":[0,0],"1":[0,0]},"_coverageSchema":"1a1c01bbd47fc00a2c39e90264f33305004495a9","hash":"f333b5b001fbe7ff15a924892970cadeffc815c0"}
,"D:\\GitHub\\Merca2-GT\\Frontend\\src\\pages\\VerProducto.jsx": {"path":"D:\\GitHub\\Merca2-GT\\Frontend\\src\\pages\\VerProducto.jsx","statementMap":{"0":{"start":{"line":8,"column":24},"end":{"line":27,"column":1}},"1":{"start":{"line":9,"column":25},"end":{"line":18,"column":3}},"2":{"start":{"line":20,"column":2},"end":{"line":26,"column":6}},"3":{"start":{"line":21,"column":22},"end":{"line":21,"column":37}},"4":{"start":{"line":23,"column":6},"end":{"line":23,"column":36}},"5":{"start":{"line":24,"column":6},"end":{"line":24,"column":31}},"6":{"start":{"line":25,"column":6},"end":{"line":25,"column":28}},"7":{"start":{"line":29,"column":20},"end":{"line":59,"column":1}},"8":{"start":{"line":30,"column":28},"end":{"line":30,"column":44}},"9":{"start":{"line":31,"column":2},"end":{"line":33,"column":8}},"10":{"start":{"line":32,"column":4},"end":{"line":32,"column":39}},"11":{"start":{"line":35,"column":2},"end":{"line":58,"column":3}},"12":{"start":{"line":42,"column":10},"end":{"line":50,"column":12}},"13":{"start":{"line":61,"column":0},"end":{"line":64,"column":1}}},"fnMap":{"0":{"name":"(anonymous_0)","decl":{"start":{"line":8,"column":24},"end":{"line":8,"column":25}},"loc":{"start":{"line":8,"column":51},"end":{"line":27,"column":1}},"line":8},"1":{"name":"(anonymous_1)","decl":{"start":{"line":21,"column":10},"end":{"line":21,"column":11}},"loc":{"start":{"line":21,"column":22},"end":{"line":21,"column":37}},"line":21},"2":{"name":"(anonymous_2)","decl":{"start":{"line":22,"column":10},"end":{"line":22,"column":11}},"loc":{"start":{"line":22,"column":20},"end":{"line":26,"column":5}},"line":22},"3":{"name":"(anonymous_3)","decl":{"start":{"line":29,"column":20},"end":{"line":29,"column":21}},"loc":{"start":{"line":29,"column":49},"end":{"line":59,"column":1}},"line":29},"4":{"name":"(anonymous_4)","decl":{"start":{"line":31,"column":18},"end":{"line":31,"column":19}},"loc":{"start":{"line":31,"column":24},"end":{"line":33,"column":3}},"line":31},"5":{"name":"(anonymous_5)","decl":{"start":{"line":41,"column":21},"end":{"line":41,"column":22}},"loc":{"start":{"line":42,"column":10},"end":{"line":50,"column":12}},"line":42}},"branchMap":{"0":{"loc":{"start":{"line":40,"column":9},"end":{"line":51,"column":10}},"type":"binary-expr","locations":[{"start":{"line":40,"column":9},"end":{"line":40,"column":14}},{"start":{"line":41,"column":11},"end":{"line":51,"column":10}}],"line":40}},"s":{"0":1,"1":0,"2":0,"3":0,"4":0,"5":0,"6":0,"7":1,"8":0,"9":0,"10":0,"11":0,"12":0,"13":1},"f":{"0":0,"1":0,"2":0,"3":0,"4":0,"5":0},"b":{"0":[0,0]},"_coverageSchema":"1a1c01bbd47fc00a2c39e90264f33305004495a9","hash":"57708f9e09b2b376e1197bfac92123123612b7e4"}
,"D:\\GitHub\\Merca2-GT\\Frontend\\src\\pages\\detallesProductos.jsx": {"path":"D:\\GitHub\\Merca2-GT\\Frontend\\src\\pages\\detallesProductos.jsx","statementMap":{"0":{"start":{"line":15,"column":21},"end":{"line":23,"column":1}},"1":{"start":{"line":17,"column":17},"end":{"line":17,"column":27}},"2":{"start":{"line":18,"column":2},"end":{"line":22,"column":3}},"3":{"start":{"line":25,"column":21},"end":{"line":33,"column":1}},"4":{"start":{"line":27,"column":17},"end":{"line":27,"column":27}},"5":{"start":{"line":28,"column":2},"end":{"line":32,"column":3}},"6":{"start":{"line":35,"column":20},"end":{"line":50,"column":1}},"7":{"start":{"line":36,"column":2},"end":{"line":49,"column":50}},"8":{"start":{"line":45,"column":24},"end":{"line":45,"column":39}},"9":{"start":{"line":47,"column":6},"end":{"line":47,"column":28}},"10":{"start":{"line":49,"column":22},"end":{"line":49,"column":49}},"11":{"start":{"line":52,"column":25},"end":{"line":68,"column":1}},"12":{"start":{"line":53,"column":2},"end":{"line":67,"column":50}},"13":{"start":{"line":62,"column":24},"end":{"line":62,"column":39}},"14":{"start":{"line":64,"column":6},"end":{"line":64,"column":40}},"15":{"start":{"line":65,"column":6},"end":{"line":65,"column":48}},"16":{"start":{"line":67,"column":22},"end":{"line":67,"column":49}},"17":{"start":{"line":70,"column":24},"end":{"line":85,"column":1}},"18":{"start":{"line":71,"column":2},"end":{"line":84,"column":50}},"19":{"start":{"line":80,"column":24},"end":{"line":80,"column":39}},"20":{"start":{"line":82,"column":6},"end":{"line":82,"column":46}},"21":{"start":{"line":84,"column":22},"end":{"line":84,"column":49}},"22":{"start":{"line":87,"column":26},"end":{"line":102,"column":1}},"23":{"start":{"line":88,"column":2},"end":{"line":101,"column":50}},"24":{"start":{"line":97,"column":24},"end":{"line":97,"column":39}},"25":{"start":{"line":99,"column":6},"end":{"line":99,"column":37}},"26":{"start":{"line":101,"column":22},"end":{"line":101,"column":49}},"27":{"start":{"line":104,"column":28},"end":{"line":118,"column":1}},"28":{"start":{"line":105,"column":2},"end":{"line":117,"column":50}},"29":{"start":{"line":115,"column":24},"end":{"line":115,"column":39}},"30":{"start":{"line":117,"column":22},"end":{"line":117,"column":49}},"31":{"start":{"line":120,"column":26},"end":{"line":140,"column":1}},"32":{"start":{"line":121,"column":15},"end":{"line":129,"column":3}},"33":{"start":{"line":134,"column":2},"end":{"line":139,"column":50}},"34":{"start":{"line":135,"column":24},"end":{"line":135,"column":39}},"35":{"start":{"line":137,"column":6},"end":{"line":137,"column":61}},"36":{"start":{"line":139,"column":22},"end":{"line":139,"column":49}},"37":{"start":{"line":142,"column":26},"end":{"line":303,"column":1}},"38":{"start":{"line":143,"column":28},"end":{"line":143,"column":44}},"39":{"start":{"line":144,"column":32},"end":{"line":144,"column":48}},"40":{"start":{"line":145,"column":36},"end":{"line":145,"column":52}},"41":{"start":{"line":146,"column":38},"end":{"line":146,"column":54}},"42":{"start":{"line":147,"column":40},"end":{"line":147,"column":56}},"43":{"start":{"line":148,"column":46},"end":{"line":148,"column":62}},"44":{"start":{"line":149,"column":34},"end":{"line":149,"column":50}},"45":{"start":{"line":151,"column":2},"end":{"line":153,"column":8}},"46":{"start":{"line":152,"column":4},"end":{"line":152,"column":33}},"47":{"start":{"line":155,"column":2},"end":{"line":163,"column":13}},"48":{"start":{"line":156,"column":4},"end":{"line":156,"column":22}},"49":{"start":{"line":156,"column":16},"end":{"line":156,"column":22}},"50":{"start":{"line":158,"column":4},"end":{"line":162,"column":6}},"51":{"start":{"line":159,"column":6},"end":{"line":159,"column":52}},"52":{"start":{"line":160,"column":6},"end":{"line":160,"column":73}},"53":{"start":{"line":161,"column":6},"end":{"line":161,"column":47}},"54":{"start":{"line":165,"column":2},"end":{"line":168,"column":19}},"55":{"start":{"line":166,"column":4},"end":{"line":166,"column":28}},"56":{"start":{"line":166,"column":22},"end":{"line":166,"column":28}},"57":{"start":{"line":167,"column":4},"end":{"line":167,"column":37}},"58":{"start":{"line":170,"column":2},"end":{"line":302,"column":3}},"59":{"start":{"line":175,"column":10},"end":{"line":175,"column":35}},"60":{"start":{"line":176,"column":10},"end":{"line":176,"column":25}},"61":{"start":{"line":182,"column":12},"end":{"line":297,"column":18}},"62":{"start":{"line":231,"column":24},"end":{"line":233,"column":25}},"63":{"start":{"line":234,"column":24},"end":{"line":234,"column":62}},"64":{"start":{"line":252,"column":26},"end":{"line":258,"column":28}},"65":{"start":{"line":257,"column":43},"end":{"line":257,"column":65}},"66":{"start":{"line":281,"column":35},"end":{"line":281,"column":72}},"67":{"start":{"line":290,"column":35},"end":{"line":290,"column":72}},"68":{"start":{"line":306,"column":0},"end":{"line":310,"column":1}}},"fnMap":{"0":{"name":"(anonymous_0)","decl":{"start":{"line":15,"column":21},"end":{"line":15,"column":22}},"loc":{"start":{"line":15,"column":40},"end":{"line":23,"column":1}},"line":15},"1":{"name":"(anonymous_1)","decl":{"start":{"line":25,"column":21},"end":{"line":25,"column":22}},"loc":{"start":{"line":25,"column":40},"end":{"line":33,"column":1}},"line":25},"2":{"name":"(anonymous_2)","decl":{"start":{"line":35,"column":20},"end":{"line":35,"column":21}},"loc":{"start":{"line":35,"column":38},"end":{"line":50,"column":1}},"line":35},"3":{"name":"(anonymous_3)","decl":{"start":{"line":45,"column":10},"end":{"line":45,"column":11}},"loc":{"start":{"line":45,"column":24},"end":{"line":45,"column":39}},"line":45},"4":{"name":"(anonymous_4)","decl":{"start":{"line":46,"column":10},"end":{"line":46,"column":11}},"loc":{"start":{"line":46,"column":22},"end":{"line":48,"column":5}},"line":46},"5":{"name":"(anonymous_5)","decl":{"start":{"line":49,"column":11},"end":{"line":49,"column":12}},"loc":{"start":{"line":49,"column":22},"end":{"line":49,"column":49}},"line":49},"6":{"name":"(anonymous_6)","decl":{"start":{"line":52,"column":25},"end":{"line":52,"column":26}},"loc":{"start":{"line":52,"column":67},"end":{"line":68,"column":1}},"line":52},"7":{"name":"(anonymous_7)","decl":{"start":{"line":62,"column":10},"end":{"line":62,"column":11}},"loc":{"start":{"line":62,"column":24},"end":{"line":62,"column":39}},"line":62},"8":{"name":"(anonymous_8)","decl":{"start":{"line":63,"column":10},"end":{"line":63,"column":11}},"loc":{"start":{"line":63,"column":22},"end":{"line":66,"column":5}},"line":63},"9":{"name":"(anonymous_9)","decl":{"start":{"line":67,"column":11},"end":{"line":67,"column":12}},"loc":{"start":{"line":67,"column":22},"end":{"line":67,"column":49}},"line":67},"10":{"name":"(anonymous_10)","decl":{"start":{"line":70,"column":24},"end":{"line":70,"column":25}},"loc":{"start":{"line":70,"column":46},"end":{"line":85,"column":1}},"line":70},"11":{"name":"(anonymous_11)","decl":{"start":{"line":80,"column":10},"end":{"line":80,"column":11}},"loc":{"start":{"line":80,"column":24},"end":{"line":80,"column":39}},"line":80},"12":{"name":"(anonymous_12)","decl":{"start":{"line":81,"column":10},"end":{"line":81,"column":11}},"loc":{"start":{"line":81,"column":22},"end":{"line":83,"column":5}},"line":81},"13":{"name":"(anonymous_13)","decl":{"start":{"line":84,"column":11},"end":{"line":84,"column":12}},"loc":{"start":{"line":84,"column":22},"end":{"line":84,"column":49}},"line":84},"14":{"name":"(anonymous_14)","decl":{"start":{"line":87,"column":26},"end":{"line":87,"column":27}},"loc":{"start":{"line":87,"column":50},"end":{"line":102,"column":1}},"line":87},"15":{"name":"(anonymous_15)","decl":{"start":{"line":97,"column":10},"end":{"line":97,"column":11}},"loc":{"start":{"line":97,"column":24},"end":{"line":97,"column":39}},"line":97},"16":{"name":"(anonymous_16)","decl":{"start":{"line":98,"column":10},"end":{"line":98,"column":11}},"loc":{"start":{"line":98,"column":22},"end":{"line":100,"column":5}},"line":98},"17":{"name":"(anonymous_17)","decl":{"start":{"line":101,"column":11},"end":{"line":101,"column":12}},"loc":{"start":{"line":101,"column":22},"end":{"line":101,"column":49}},"line":101},"18":{"name":"(anonymous_18)","decl":{"start":{"line":104,"column":28},"end":{"line":104,"column":29}},"loc":{"start":{"line":104,"column":54},"end":{"line":118,"column":1}},"line":104},"19":{"name":"(anonymous_19)","decl":{"start":{"line":115,"column":10},"end":{"line":115,"column":11}},"loc":{"start":{"line":115,"column":24},"end":{"line":115,"column":39}},"line":115},"20":{"name":"(anonymous_20)","decl":{"start":{"line":116,"column":10},"end":{"line":116,"column":11}},"loc":{"start":{"line":116,"column":22},"end":{"line":116,"column":24}},"line":116},"21":{"name":"(anonymous_21)","decl":{"start":{"line":117,"column":11},"end":{"line":117,"column":12}},"loc":{"start":{"line":117,"column":22},"end":{"line":117,"column":49}},"line":117},"22":{"name":"(anonymous_22)","decl":{"start":{"line":120,"column":26},"end":{"line":120,"column":27}},"loc":{"start":{"line":120,"column":51},"end":{"line":140,"column":1}},"line":120},"23":{"name":"(anonymous_23)","decl":{"start":{"line":135,"column":10},"end":{"line":135,"column":11}},"loc":{"start":{"line":135,"column":24},"end":{"line":135,"column":39}},"line":135},"24":{"name":"(anonymous_24)","decl":{"start":{"line":136,"column":10},"end":{"line":136,"column":11}},"loc":{"start":{"line":136,"column":22},"end":{"line":138,"column":5}},"line":136},"25":{"name":"(anonymous_25)","decl":{"start":{"line":139,"column":11},"end":{"line":139,"column":12}},"loc":{"start":{"line":139,"column":22},"end":{"line":139,"column":49}},"line":139},"26":{"name":"(anonymous_26)","decl":{"start":{"line":142,"column":26},"end":{"line":142,"column":27}},"loc":{"start":{"line":142,"column":73},"end":{"line":303,"column":1}},"line":142},"27":{"name":"(anonymous_27)","decl":{"start":{"line":151,"column":12},"end":{"line":151,"column":13}},"loc":{"start":{"line":151,"column":18},"end":{"line":153,"column":3}},"line":151},"28":{"name":"(anonymous_28)","decl":{"start":{"line":155,"column":12},"end":{"line":155,"column":13}},"loc":{"start":{"line":155,"column":18},"end":{"line":163,"column":3}},"line":155},"29":{"name":"(anonymous_29)","decl":{"start":{"line":158,"column":14},"end":{"line":158,"column":15}},"loc":{"start":{"line":158,"column":24},"end":{"line":162,"column":5}},"line":158},"30":{"name":"(anonymous_30)","decl":{"start":{"line":165,"column":12},"end":{"line":165,"column":13}},"loc":{"start":{"line":165,"column":18},"end":{"line":168,"column":3}},"line":165},"31":{"name":"(anonymous_31)","decl":{"start":{"line":174,"column":19},"end":{"line":174,"column":20}},"loc":{"start":{"line":174,"column":29},"end":{"line":177,"column":9}},"line":174},"32":{"name":"(anonymous_32)","decl":{"start":{"line":181,"column":20},"end":{"line":181,"column":21}},"loc":{"start":{"line":182,"column":12},"end":{"line":297,"column":18}},"line":182},"33":{"name":"(anonymous_33)","decl":{"start":{"line":230,"column":31},"end":{"line":230,"column":32}},"loc":{"start":{"line":230,"column":37},"end":{"line":235,"column":23}},"line":230},"34":{"name":"(anonymous_34)","decl":{"start":{"line":251,"column":40},"end":{"line":251,"column":41}},"loc":{"start":{"line":252,"column":26},"end":{"line":258,"column":28}},"line":252},"35":{"name":"(anonymous_35)","decl":{"start":{"line":257,"column":37},"end":{"line":257,"column":38}},"loc":{"start":{"line":257,"column":43},"end":{"line":257,"column":65}},"line":257},"36":{"name":"(anonymous_36)","decl":{"start":{"line":281,"column":29},"end":{"line":281,"column":30}},"loc":{"start":{"line":281,"column":35},"end":{"line":281,"column":72}},"line":281},"37":{"name":"(anonymous_37)","decl":{"start":{"line":290,"column":29},"end":{"line":290,"column":30}},"loc":{"start":{"line":290,"column":35},"end":{"line":290,"column":72}},"line":290}},"branchMap":{"0":{"loc":{"start":{"line":156,"column":4},"end":{"line":156,"column":22}},"type":"if","locations":[{"start":{"line":156,"column":4},"end":{"line":156,"column":22}},{"start":{},"end":{}}],"line":156},"1":{"loc":{"start":{"line":166,"column":4},"end":{"line":166,"column":28}},"type":"if","locations":[{"start":{"line":166,"column":4},"end":{"line":166,"column":28}},{"start":{},"end":{}}],"line":166},"2":{"loc":{"start":{"line":180,"column":9},"end":{"line":298,"column":12}},"type":"binary-expr","locations":[{"start":{"line":180,"column":9},"end":{"line":180,"column":14}},{"start":{"line":181,"column":10},"end":{"line":298,"column":12}}],"line":180},"3":{"loc":{"start":{"line":250,"column":23},"end":{"line":259,"column":26}},"type":"binary-expr","locations":[{"start":{"line":250,"column":23},"end":{"line":250,"column":34}},{"start":{"line":251,"column":24},"end":{"line":259,"column":26}}],"line":250}},"s":{"0":1,"1":0,"2":0,"3":1,"4":0,"5":0,"6":1,"7":0,"8":0,"9":0,"10":0,"11":1,"12":0,"13":0,"14":0,"15":0,"16":0,"17":1,"18":0,"19":0,"20":0,"21":0,"22":1,"23":0,"24":0,"25":0,"26":0,"27":1,"28":0,"29":0,"30":0,"31":1,"32":0,"33":0,"34":0,"35":0,"36":0,"37":1,"38":0,"39":0,"40":0,"41":0,"42":0,"43":0,"44":0,"45":0,"46":0,"47":0,"48":0,"49":0,"50":0,"51":0,"52":0,"53":0,"54":0,"55":0,"56":0,"57":0,"58":0,"59":0,"60":0,"61":0,"62":0,"63":0,"64":0,"65":0,"66":0,"67":0,"68":1},"f":{"0":0,"1":0,"2":0,"3":0,"4":0,"5":0,"6":0,"7":0,"8":0,"9":0,"10":0,"11":0,"12":0,"13":0,"14":0,"15":0,"16":0,"17":0,"18":0,"19":0,"20":0,"21":0,"22":0,"23":0,"24":0,"25":0,"26":0,"27":0,"28":0,"29":0,"30":0,"31":0,"32":0,"33":0,"34":0,"35":0,"36":0,"37":0},"b":{"0":[0,0],"1":[0,0],"2":[0,0],"3":[0,0]},"_coverageSchema":"1a1c01bbd47fc00a2c39e90264f33305004495a9","hash":"e7676c43d08359057ae89bb72e32b81e3cd9e01d"}
,"D:\\GitHub\\Merca2-GT\\Frontend\\src\\util\\docTitle.js": {"path":"D:\\GitHub\\Merca2-GT\\Frontend\\src\\util\\docTitle.js","statementMap":{"0":{"start":{"line":1,"column":20},"end":{"line":3,"column":1}},"1":{"start":{"line":2,"column":2},"end":{"line":2,"column":57}}},"fnMap":{"0":{"name":"(anonymous_0)","decl":{"start":{"line":1,"column":20},"end":{"line":1,"column":21}},"loc":{"start":{"line":1,"column":34},"end":{"line":3,"column":1}},"line":1}},"branchMap":{},"s":{"0":1,"1":1},"f":{"0":1},"b":{},"_coverageSchema":"1a1c01bbd47fc00a2c39e90264f33305004495a9","hash":"a5d032606dda13590448f38780f550573a2e34ee"}
}
