TN:
SF:mocks/styleMocks.js
FNF:0
FNH:0
LF:0
LH:0
BRF:0
BRH:0
end_of_record
TN:
SF:src/Components/AddItemButton.jsx
FN:7,(anonymous_0)
FN:14,(anonymous_1)
FNF:2
FNH:2
FNDA:3,(anonymous_0)
FNDA:1,(anonymous_1)
DA:7,1
DA:8,3
DA:14,1
DA:23,1
LF:4
LH:4
BRF:0
BRH:0
end_of_record
TN:
SF:src/Components/Header.jsx
FN:11,(anonymous_0)
FN:13,(anonymous_1)
FNF:2
FNH:1
FNDA:80,(anonymous_0)
FNDA:0,(anonymous_1)
DA:11,5
DA:12,80
DA:13,0
DA:19,5
DA:24,5
LF:5
LH:4
BRF:0
BRH:0
end_of_record
TN:
SF:src/Components/Perfil.jsx
FNF:0
FNH:0
LF:0
LH:0
BRF:0
BRH:0
end_of_record
TN:
SF:src/Components/TextInput.jsx
FN:6,(anonymous_0)
FN:17,(anonymous_1)
FNF:2
FNH:2
FNDA:302,(anonymous_0)
FNDA:72,(anonymous_1)
DA:6,2
DA:14,302
DA:17,72
DA:25,2
DA:36,2
LF:5
LH:5
BRDA:18,0,0,276
BRDA:18,0,1,26
BRF:2
BRH:2
end_of_record
TN:
SF:src/Components/btn.jsx
FN:17,(anonymous_0)
FNF:1
FNH:1
FNDA:1,(anonymous_0)
DA:6,1
DA:15,1
DA:17,1
DA:24,1
DA:25,1
DA:27,1
DA:39,1
DA:47,1
LF:8
LH:8
BRDA:24,0,0,0
BRDA:24,0,1,1
BRDA:25,1,0,0
BRDA:25,1,1,1
BRF:4
BRH:2
end_of_record
TN:
SF:src/Components/footer.jsx
FN:4,(anonymous_0)
FNF:1
FNH:1
FNDA:1,(anonymous_0)
DA:4,1
DA:5,1
LF:2
LH:2
BRF:0
BRH:0
end_of_record
TN:
SF:src/Components/itemInGrid.jsx
FN:9,(anonymous_0)
FN:21,(anonymous_1)
FNF:2
FNH:0
FNDA:0,(anonymous_0)
FNDA:0,(anonymous_1)
DA:9,1
DA:19,0
DA:22,0
DA:23,0
DA:24,0
DA:50,1
LF:6
LH:2
BRF:0
BRH:0
end_of_record
TN:
SF:src/Components/navbar.jsx
FN:8,(anonymous_0)
FN:12,(anonymous_1)
FN:19,(anonymous_2)
FN:27,(anonymous_3)
FN:35,(anonymous_4)
FN:37,(anonymous_5)
FNF:6
FNH:6
FNDA:5,(anonymous_0)
FNDA:1,(anonymous_1)
FNDA:1,(anonymous_2)
FNDA:1,(anonymous_3)
FNDA:1,(anonymous_4)
FNDA:1,(anonymous_5)
DA:8,2
DA:9,5
DA:12,1
DA:19,1
DA:27,1
DA:35,1
DA:38,1
DA:45,2
LF:8
LH:8
BRDA:24,0,0,5
BRDA:24,0,1,5
BRDA:37,1,0,5
BRDA:37,1,1,3
BRF:4
BRH:4
end_of_record
TN:
SF:src/pages/AddProduct.jsx
FN:16,(anonymous_0)
FN:44,(anonymous_1)
FN:45,(anonymous_2)
FN:57,(anonymous_3)
FN:68,(anonymous_4)
FN:69,(anonymous_5)
FN:80,(anonymous_6)
FN:91,(anonymous_7)
FN:92,(anonymous_8)
FN:98,(anonymous_9)
FN:107,(anonymous_10)
FN:110,(anonymous_11)
FN:123,(anonymous_12)
FN:149,(anonymous_13)
FN:153,(anonymous_14)
FN:186,(anonymous_15)
FNF:16
FNH:6
FNDA:0,(anonymous_0)
FNDA:0,(anonymous_1)
FNDA:0,(anonymous_2)
FNDA:0,(anonymous_3)
FNDA:0,(anonymous_4)
FNDA:0,(anonymous_5)
FNDA:1,(anonymous_6)
FNDA:1,(anonymous_7)
FNDA:1,(anonymous_8)
FNDA:50,(anonymous_9)
FNDA:0,(anonymous_10)
FNDA:0,(anonymous_11)
FNDA:1,(anonymous_12)
FNDA:0,(anonymous_13)
FNDA:594,(anonymous_14)
FNDA:0,(anonymous_15)
DA:16,1
DA:27,0
DA:44,0
DA:46,0
DA:47,0
DA:48,0
DA:53,0
DA:57,1
DA:58,0
DA:68,0
DA:70,0
DA:71,0
DA:76,0
DA:80,1
DA:81,1
DA:90,1
DA:91,1
DA:93,1
DA:94,1
DA:98,1
DA:99,50
DA:100,50
DA:102,50
DA:107,50
DA:110,50
DA:111,0
DA:112,0
DA:115,50
DA:116,50
DA:117,50
DA:118,50
DA:119,50
DA:120,50
DA:121,50
DA:123,50
DA:124,1
DA:127,50
DA:149,0
DA:154,594
DA:187,0
DA:189,0
DA:191,0
DA:211,1
LF:43
LH:26
BRDA:46,0,0,0
BRDA:46,0,1,0
BRDA:47,1,0,0
BRDA:47,1,1,0
BRDA:70,2,0,0
BRDA:70,2,1,0
BRDA:152,3,0,50
BRDA:152,3,1,50
BRDA:187,4,0,0
BRDA:187,4,1,0
BRF:10
BRH:2
end_of_record
TN:
SF:src/pages/Homepage.jsx
FN:9,(anonymous_0)
FN:16,(anonymous_1)
FN:17,(anonymous_2)
FN:18,(anonymous_3)
FN:21,(anonymous_4)
FN:33,(anonymous_5)
FN:34,(anonymous_6)
FN:39,(anonymous_7)
FN:52,(anonymous_8)
FN:53,(anonymous_9)
FN:58,(anonymous_10)
FN:71,(anonymous_11)
FN:72,(anonymous_12)
FN:77,(anonymous_13)
FN:84,(anonymous_14)
FN:93,(anonymous_15)
FN:125,(anonymous_16)
FNF:17
FNH:4
FNDA:2,(anonymous_0)
FNDA:0,(anonymous_1)
FNDA:0,(anonymous_2)
FNDA:0,(anonymous_3)
FNDA:0,(anonymous_4)
FNDA:0,(anonymous_5)
FNDA:0,(anonymous_6)
FNDA:0,(anonymous_7)
FNDA:0,(anonymous_8)
FNDA:0,(anonymous_9)
FNDA:0,(anonymous_10)
FNDA:0,(anonymous_11)
FNDA:0,(anonymous_12)
FNDA:2,(anonymous_13)
FNDA:2,(anonymous_14)
FNDA:2,(anonymous_15)
FNDA:0,(anonymous_16)
DA:9,1
DA:10,2
DA:15,2
DA:16,0
DA:17,0
DA:18,0
DA:21,1
DA:22,0
DA:32,0
DA:33,0
DA:35,0
DA:39,1
DA:40,0
DA:51,0
DA:52,0
DA:54,0
DA:58,1
DA:59,0
DA:70,0
DA:71,0
DA:73,0
DA:77,1
DA:78,2
DA:79,2
DA:80,2
DA:81,2
DA:82,2
DA:84,2
DA:86,2
DA:87,2
DA:88,0
DA:93,2
DA:94,2
DA:95,0
DA:96,0
DA:99,2
DA:100,0
DA:104,2
DA:105,0
DA:114,2
DA:126,0
DA:147,1
LF:42
LH:21
BRDA:94,0,0,0
BRDA:94,0,1,2
BRDA:99,1,0,0
BRDA:99,1,1,2
BRDA:104,2,0,0
BRDA:104,2,1,2
BRDA:124,3,0,2
BRDA:124,3,1,0
BRF:8
BRH:4
end_of_record
TN:
SF:src/pages/Login.jsx
FN:12,(anonymous_0)
FN:31,(anonymous_1)
FN:32,(anonymous_2)
FN:51,(anonymous_3)
FN:52,(anonymous_4)
FN:55,(anonymous_5)
FN:60,(anonymous_6)
FN:66,(anonymous_7)
FN:102,(anonymous_8)
FN:122,(anonymous_9)
FNF:10
FNH:2
FNDA:0,(anonymous_0)
FNDA:0,(anonymous_1)
FNDA:0,(anonymous_2)
FNDA:0,(anonymous_3)
FNDA:0,(anonymous_4)
FNDA:0,(anonymous_5)
FNDA:0,(anonymous_6)
FNDA:26,(anonymous_7)
FNDA:0,(anonymous_8)
FNDA:1,(anonymous_9)
DA:12,1
DA:20,0
DA:21,0
DA:31,0
DA:33,0
DA:35,0
DA:36,0
DA:37,0
DA:38,0
DA:39,0
DA:40,0
DA:41,0
DA:51,0
DA:53,0
DA:56,0
DA:57,0
DA:61,0
DA:62,0
DA:66,1
DA:72,26
DA:73,26
DA:76,26
DA:77,26
DA:79,26
DA:103,0
DA:104,0
DA:107,0
DA:122,1
DA:130,1
LF:29
LH:9
BRDA:33,0,0,0
BRDA:33,0,1,0
BRDA:53,1,0,0
BRDA:53,1,1,0
BRDA:103,2,0,0
BRDA:103,2,1,0
BRDA:103,3,0,0
BRDA:103,3,1,0
BRF:8
BRH:0
end_of_record
TN:
SF:src/pages/detallesProductos.jsx
FN:15,(anonymous_0)
FN:25,(anonymous_1)
FN:35,(anonymous_2)
FN:45,(anonymous_3)
FN:46,(anonymous_4)
FN:49,(anonymous_5)
FN:52,(anonymous_6)
FN:62,(anonymous_7)
FN:63,(anonymous_8)
FN:67,(anonymous_9)
FN:70,(anonymous_10)
FN:80,(anonymous_11)
FN:81,(anonymous_12)
FN:84,(anonymous_13)
FN:87,(anonymous_14)
FN:97,(anonymous_15)
FN:98,(anonymous_16)
FN:101,(anonymous_17)
FN:104,(anonymous_18)
FN:115,(anonymous_19)
FN:116,(anonymous_20)
FN:117,(anonymous_21)
FN:120,(anonymous_22)
FN:131,(anonymous_23)
FN:132,(anonymous_24)
FN:133,(anonymous_25)
FN:136,(anonymous_26)
FN:151,(anonymous_27)
FN:152,(anonymous_28)
FN:155,(anonymous_29)
FN:158,(anonymous_30)
FN:167,(anonymous_31)
FN:172,(anonymous_32)
FN:175,(anonymous_33)
FN:182,(anonymous_34)
FN:191,(anonymous_35)
FN:198,(anonymous_36)
FN:247,(anonymous_37)
FN:268,(anonymous_38)
FN:274,(anonymous_39)
FN:298,(anonymous_40)
FN:307,(anonymous_41)
FNF:42
FNH:0
FNDA:0,(anonymous_0)
FNDA:0,(anonymous_1)
FNDA:0,(anonymous_2)
FNDA:0,(anonymous_3)
FNDA:0,(anonymous_4)
FNDA:0,(anonymous_5)
FNDA:0,(anonymous_6)
FNDA:0,(anonymous_7)
FNDA:0,(anonymous_8)
FNDA:0,(anonymous_9)
FNDA:0,(anonymous_10)
FNDA:0,(anonymous_11)
FNDA:0,(anonymous_12)
FNDA:0,(anonymous_13)
FNDA:0,(anonymous_14)
FNDA:0,(anonymous_15)
FNDA:0,(anonymous_16)
FNDA:0,(anonymous_17)
FNDA:0,(anonymous_18)
FNDA:0,(anonymous_19)
FNDA:0,(anonymous_20)
FNDA:0,(anonymous_21)
FNDA:0,(anonymous_22)
FNDA:0,(anonymous_23)
FNDA:0,(anonymous_24)
FNDA:0,(anonymous_25)
FNDA:0,(anonymous_26)
FNDA:0,(anonymous_27)
FNDA:0,(anonymous_28)
FNDA:0,(anonymous_29)
FNDA:0,(anonymous_30)
FNDA:0,(anonymous_31)
FNDA:0,(anonymous_32)
FNDA:0,(anonymous_33)
FNDA:0,(anonymous_34)
FNDA:0,(anonymous_35)
FNDA:0,(anonymous_36)
FNDA:0,(anonymous_37)
FNDA:0,(anonymous_38)
FNDA:0,(anonymous_39)
FNDA:0,(anonymous_40)
FNDA:0,(anonymous_41)
DA:15,2
DA:17,0
DA:18,0
DA:25,2
DA:27,0
DA:28,0
DA:35,2
DA:36,0
DA:45,0
DA:47,0
DA:49,0
DA:52,2
DA:53,0
DA:62,0
DA:64,0
DA:65,0
DA:67,0
DA:70,2
DA:71,0
DA:80,0
DA:82,0
DA:84,0
DA:87,2
DA:88,0
DA:97,0
DA:99,0
DA:101,0
DA:104,2
DA:105,0
DA:115,0
DA:117,0
DA:120,2
DA:121,0
DA:131,0
DA:133,0
DA:136,2
DA:137,0
DA:150,0
DA:151,0
DA:153,0
DA:155,0
DA:158,2
DA:159,0
DA:160,0
DA:161,0
DA:162,0
DA:163,0
DA:164,0
DA:165,0
DA:167,0
DA:168,0
DA:169,0
DA:172,0
DA:173,0
DA:175,0
DA:176,0
DA:177,0
DA:178,0
DA:182,0
DA:183,0
DA:184,0
DA:187,0
DA:192,0
DA:193,0
DA:199,0
DA:248,0
DA:251,0
DA:269,0
DA:274,0
DA:298,0
DA:307,0
DA:323,2
LF:72
LH:11
BRDA:173,0,0,0
BRDA:173,0,1,0
BRDA:183,1,0,0
BRDA:183,1,1,0
BRDA:197,2,0,0
BRDA:197,2,1,0
BRDA:267,3,0,0
BRDA:267,3,1,0
BRF:8
BRH:0
end_of_record
TN:
SF:src/util/docTitle.js
FN:1,(anonymous_0)
FNF:1
FNH:1
FNDA:76,(anonymous_0)
DA:1,2
DA:2,76
LF:2
LH:2
BRF:0
BRH:0
end_of_record
