TN:
SF:mocks\styleMocks.js
FNF:0
FNH:0
LF:0
LH:0
BRF:0
BRH:0
end_of_record
TN:
SF:src\Components\AddItemButton.jsx
FN:7,(anonymous_0)
FN:13,(anonymous_1)
FNF:2
FNH:1
FNDA:1,(anonymous_0)
FNDA:0,(anonymous_1)
DA:7,1
DA:8,1
DA:13,0
DA:22,1
LF:4
LH:3
BRF:0
BRH:0
end_of_record
TN:
SF:src\Components\Header.jsx
FN:11,(anonymous_0)
FN:13,(anonymous_1)
FNF:2
FNH:1
FNDA:28,(anonymous_0)
FNDA:0,(anonymous_1)
DA:11,2
DA:12,28
DA:13,0
DA:19,2
DA:24,2
LF:5
LH:4
BRF:0
BRH:0
end_of_record
TN:
SF:src\Components\Perfil.jsx
FNF:0
FNH:0
LF:0
LH:0
BRF:0
BRH:0
end_of_record
TN:
SF:src\Components\TextInput.jsx
FN:6,(anonymous_0)
FN:17,(anonymous_1)
FNF:2
FNH:2
FNDA:52,(anonymous_0)
FNDA:24,(anonymous_1)
DA:6,1
DA:14,52
DA:17,24
DA:25,1
DA:36,1
LF:5
LH:5
BRDA:18,0,0,26
BRDA:18,0,1,26
BRF:2
BRH:2
end_of_record
TN:
SF:src\Components\btn.jsx
FN:17,(anonymous_0)
FNF:1
FNH:0
FNDA:0,(anonymous_0)
DA:6,1
DA:15,1
DA:17,1
DA:24,0
DA:25,0
DA:27,0
DA:38,1
DA:46,1
LF:8
LH:5
BRDA:24,0,0,0
BRDA:24,0,1,0
BRDA:25,1,0,0
BRDA:25,1,1,0
BRF:4
BRH:0
end_of_record
TN:
SF:src\Components\footer.jsx
FN:4,(anonymous_0)
FNF:1
FNH:1
FNDA:1,(anonymous_0)
DA:4,1
DA:5,1
LF:2
LH:2
BRF:0
BRH:0
end_of_record
TN:
SF:src\Components\navbar.jsx
FN:8,(anonymous_0)
FN:12,(anonymous_1)
FN:19,(anonymous_2)
FN:27,(anonymous_3)
FN:35,(anonymous_4)
FN:37,(anonymous_5)
FNF:6
FNH:6
FNDA:3,(anonymous_0)
FNDA:1,(anonymous_1)
FNDA:1,(anonymous_2)
FNDA:1,(anonymous_3)
FNDA:1,(anonymous_4)
FNDA:1,(anonymous_5)
DA:8,1
DA:9,3
DA:12,1
DA:19,1
DA:27,1
DA:35,1
DA:38,1
DA:45,1
LF:8
LH:8
BRDA:24,0,0,3
BRDA:24,0,1,3
BRDA:37,1,0,3
BRDA:37,1,1,1
BRF:4
BRH:4
end_of_record
TN:
SF:src\pages\Login.jsx
FN:12,(anonymous_0)
FN:31,(anonymous_1)
FN:32,(anonymous_2)
FN:51,(anonymous_3)
FN:52,(anonymous_4)
FN:55,(anonymous_5)
FN:60,(anonymous_6)
FN:66,(anonymous_7)
FN:102,(anonymous_8)
FN:122,(anonymous_9)
FNF:10
FNH:2
FNDA:0,(anonymous_0)
FNDA:0,(anonymous_1)
FNDA:0,(anonymous_2)
FNDA:0,(anonymous_3)
FNDA:0,(anonymous_4)
FNDA:0,(anonymous_5)
FNDA:0,(anonymous_6)
FNDA:26,(anonymous_7)
FNDA:0,(anonymous_8)
FNDA:1,(anonymous_9)
DA:12,1
DA:20,0
DA:21,0
DA:31,0
DA:33,0
DA:35,0
DA:36,0
DA:37,0
DA:38,0
DA:39,0
DA:40,0
DA:41,0
DA:51,0
DA:53,0
DA:56,0
DA:57,0
DA:61,0
DA:62,0
DA:66,1
DA:72,26
DA:73,26
DA:76,26
DA:77,26
DA:79,26
DA:103,0
DA:104,0
DA:107,0
DA:122,1
DA:130,1
LF:29
LH:9
BRDA:33,0,0,0
BRDA:33,0,1,0
BRDA:53,1,0,0
BRDA:53,1,1,0
BRDA:103,2,0,0
BRDA:103,2,1,0
BRDA:103,3,0,0
BRDA:103,3,1,0
BRF:8
BRH:0
end_of_record
TN:
SF:src\util\docTitle.js
FN:1,(anonymous_0)
FNF:1
FNH:1
FNDA:26,(anonymous_0)
DA:1,1
DA:2,26
LF:2
LH:2
BRF:0
BRH:0
end_of_record
